------------------------------------------------------------
Server listening on UDP port 6001 with pid 15735
Joining multicast group  ff38::1
Read buffer size: 1.44 KByte (Dist bin width= 183 Byte)
Server set to single client traffic mode (per multicast receive)
UDP buffer size:  208 KByte (default)
------------------------------------------------------------
[  1] local ff38::1%h6-eth0 port 6001 connected with 2001:db8::2 port 57069 (sock=3) (peer 2.1.5) on 2025-05-27 12:01:55 (CST)
[ ID] Interval            Transfer     Bandwidth        Jitter   Lost/Total  Latency avg/min/max/stdev PPS NetPwr
[  1] 0.0000-1.0000 sec  1.25 MBytes  10.5 Mbits/sec   0.070 ms 0/907 (0%) 0.646/0.297/4.740/0.492 ms 908 pps 2034
[  1] 1.0000-2.0000 sec  1.25 MBytes  10.5 Mbits/sec   0.071 ms 0/904 (0%) 0.669/0.281/3.481/0.420 ms 904 pps 1960
[  1] 2.0000-3.0000 sec  1.25 MBytes  10.5 Mbits/sec   0.138 ms 0/904 (0%) 0.650/0.282/4.840/0.528 ms 904 pps 2018
[  1] 3.0000-4.0000 sec  1.25 MBytes  10.5 Mbits/sec   0.337 ms 0/904 (0%) 0.813/0.318/6.321/0.802 ms 904 pps 1612
[  1] 4.0000-5.0000 sec  1.25 MBytes  10.5 Mbits/sec   0.091 ms 0/904 (0%) 0.713/0.212/7.933/0.981 ms 904 pps 1837
[  1] 5.0000-6.0000 sec  1.25 MBytes  10.5 Mbits/sec   0.152 ms 0/904 (0%) 0.435/0.194/4.829/0.399 ms 904 pps 3014
[  1] 6.0000-7.0000 sec  1.25 MBytes  10.5 Mbits/sec   0.032 ms 0/904 (0%) 0.498/0.191/7.440/0.658 ms 904 pps 2633
[  1] 7.0000-8.0000 sec  1.25 MBytes  10.5 Mbits/sec   0.269 ms 0/904 (0%) 0.388/0.177/3.606/0.277 ms 904 pps 3381
[  1] 8.0000-9.0000 sec  1.25 MBytes  10.5 Mbits/sec   0.028 ms 0/904 (0%) 0.510/0.199/5.396/0.639 ms 904 pps 2571
[  1] 9.0000-10.0000 sec  1.25 MBytes  10.5 Mbits/sec   0.112 ms 0/904 (0%) 0.420/0.172/4.189/0.409 ms 904 pps 3119
[  1] 10.0000-11.0000 sec  1.25 MBytes  10.5 Mbits/sec   0.180 ms 0/904 (0%) 0.452/0.213/4.533/0.461 ms 904 pps 2897
[  1] 11.0000-12.0000 sec  1.25 MBytes  10.5 Mbits/sec   0.135 ms 0/904 (0%) 0.500/0.225/5.901/0.530 ms 904 pps 2622
[  1] 12.0000-13.0000 sec  1.25 MBytes  10.5 Mbits/sec   0.073 ms 0/904 (0%) 0.468/0.180/6.738/0.505 ms 904 pps 2801
[  1] 13.0000-14.0000 sec  1.25 MBytes  10.5 Mbits/sec   0.027 ms 0/904 (0%) 0.456/0.177/6.678/0.580 ms 903 pps 2876
[  1] 14.0000-15.0000 sec  1.25 MBytes  10.5 Mbits/sec   0.190 ms 0/904 (0%) 0.417/0.207/5.385/0.422 ms 904 pps 3141
[  1] 15.0000-16.0000 sec  1.25 MBytes  10.5 Mbits/sec   0.028 ms 0/904 (0%) 0.350/0.185/3.962/0.292 ms 904 pps 3741
[  1] 16.0000-17.0000 sec  1.25 MBytes  10.5 Mbits/sec   0.032 ms 0/904 (0%) 0.373/0.197/7.163/0.400 ms 904 pps 3514
[  1] 17.0000-18.0000 sec  1.25 MBytes  10.5 Mbits/sec   0.093 ms 0/904 (0%) 0.329/0.164/3.800/0.251 ms 904 pps 3981
[  1] 18.0000-19.0000 sec  1.25 MBytes  10.5 Mbits/sec   0.044 ms 0/904 (0%) 0.369/0.186/3.659/0.309 ms 904 pps 3554
[  1] 19.0000-20.0000 sec  1.25 MBytes  10.5 Mbits/sec   0.055 ms 0/904 (0%) 0.428/0.197/5.124/0.481 ms 904 pps 3060
[  1] 20.0000-21.0000 sec  1.25 MBytes  10.5 Mbits/sec   0.022 ms 0/903 (0%) 0.340/0.187/4.286/0.277 ms 904 pps 3847
[  1] 21.0000-22.0000 sec  1.25 MBytes  10.5 Mbits/sec   0.219 ms 0/904 (0%) 0.356/0.202/3.269/0.264 ms 904 pps 3687
[  1] 22.0000-23.0000 sec  1.25 MBytes  10.5 Mbits/sec   0.176 ms 0/904 (0%) 0.497/0.228/6.421/0.550 ms 904 pps 2636
[  1] 23.0000-24.0000 sec  1.25 MBytes  10.5 Mbits/sec   0.077 ms 0/904 (0%) 0.475/0.192/6.417/0.537 ms 904 pps 2760
[  1] 24.0000-25.0000 sec  1.25 MBytes  10.5 Mbits/sec   0.073 ms 0/904 (0%) 0.347/0.191/4.545/0.298 ms 904 pps 3780
[  1] 25.0000-26.0000 sec  1.25 MBytes  10.5 Mbits/sec   0.068 ms 0/904 (0%) 0.354/0.198/3.749/0.243 ms 904 pps 3703
[  1] 26.0000-27.0000 sec  1.25 MBytes  10.5 Mbits/sec   0.066 ms 0/904 (0%) 0.386/0.185/4.293/0.362 ms 904 pps 3396
[  1] 27.0000-28.0000 sec  1.25 MBytes  10.5 Mbits/sec   0.177 ms 0/904 (0%) 0.465/0.194/6.263/0.493 ms 903 pps 2819
[  1] 28.0000-29.0000 sec  1.25 MBytes  10.5 Mbits/sec   0.104 ms 0/904 (0%) 0.414/0.209/5.058/0.399 ms 905 pps 3165
[  1] 29.0000-30.0000 sec  1.25 MBytes  10.5 Mbits/sec   0.060 ms 0/904 (0%) 0.323/0.200/3.032/0.237 ms 904 pps 4064
[  1] 30.0000-31.0000 sec  1.25 MBytes  10.5 Mbits/sec   0.027 ms 0/904 (0%) 0.338/0.182/2.788/0.213 ms 904 pps 3882
[  1] 31.0000-32.0000 sec  1.25 MBytes  10.5 Mbits/sec   0.035 ms 0/904 (0%) 0.495/0.201/7.961/0.744 ms 904 pps 2650
[  1] 32.0000-33.0000 sec  1.25 MBytes  10.5 Mbits/sec   0.062 ms 0/904 (0%) 0.419/0.195/5.672/0.533 ms 904 pps 3127
[  1] 33.0000-34.0000 sec  1.25 MBytes  10.5 Mbits/sec   0.076 ms 0/904 (0%) 0.372/0.208/3.663/0.240 ms 904 pps 3523
[  1] 34.0000-35.0000 sec  1.25 MBytes  10.5 Mbits/sec   0.038 ms 0/904 (0%) 0.468/0.215/5.153/0.513 ms 904 pps 2799
[  1] 35.0000-36.0000 sec  1.25 MBytes  10.5 Mbits/sec   0.092 ms 0/904 (0%) 0.472/0.193/8.121/0.672 ms 904 pps 2779
[  1] 36.0000-37.0000 sec  1.25 MBytes  10.5 Mbits/sec   0.112 ms 0/904 (0%) 0.415/0.188/5.998/0.495 ms 904 pps 3157
[  1] 37.0000-38.0000 sec  1.25 MBytes  10.5 Mbits/sec   0.038 ms 0/903 (0%) 0.381/0.199/4.804/0.415 ms 904 pps 3435
[  1] 38.0000-39.0000 sec  1.25 MBytes  10.5 Mbits/sec   0.273 ms 0/904 (0%) 0.447/0.217/3.906/0.374 ms 904 pps 2932
[  1] 39.0000-40.0000 sec  1.25 MBytes  10.5 Mbits/sec   0.263 ms 0/904 (0%) 0.714/0.224/5.386/0.742 ms 904 pps 1836
[  1] 40.0000-41.0000 sec  1.25 MBytes  10.5 Mbits/sec   0.072 ms 0/904 (0%) 0.575/0.230/8.360/0.767 ms 904 pps 2280
[  1] 41.0000-42.0000 sec  1.25 MBytes  10.5 Mbits/sec   0.048 ms 0/904 (0%) 0.437/0.198/4.704/0.454 ms 904 pps 2998
[  1] 42.0000-43.0000 sec  1.25 MBytes  10.5 Mbits/sec   0.103 ms 0/904 (0%) 0.438/0.202/7.154/0.625 ms 904 pps 2992
[  1] 43.0000-44.0000 sec  1.25 MBytes  10.5 Mbits/sec   0.027 ms 0/904 (0%) 0.309/0.206/2.953/0.184 ms 904 pps 4248
[  1] 44.0000-45.0000 sec  1.25 MBytes  10.5 Mbits/sec   0.048 ms 0/904 (0%) 0.361/0.216/4.363/0.357 ms 904 pps 3628
[  1] 45.0000-46.0000 sec  1.25 MBytes  10.5 Mbits/sec   0.059 ms 0/904 (0%) 0.350/0.182/4.547/0.346 ms 904 pps 3743
[  1] 46.0000-47.0000 sec  1.25 MBytes  10.5 Mbits/sec   0.042 ms 0/904 (0%) 0.324/0.175/2.648/0.182 ms 904 pps 4040
[  1] 47.0000-48.0000 sec  1.25 MBytes  10.5 Mbits/sec   0.100 ms 0/904 (0%) 0.331/0.207/3.286/0.275 ms 904 pps 3957
[  1] 48.0000-49.0000 sec  1.25 MBytes  10.5 Mbits/sec   0.054 ms 0/904 (0%) 0.362/0.189/5.083/0.329 ms 904 pps 3622
[  1] 49.0000-50.0000 sec  1.25 MBytes  10.5 Mbits/sec   0.037 ms 0/904 (0%) 0.401/0.191/5.494/0.440 ms 904 pps 3272
[  1] 50.0000-51.0000 sec  1.25 MBytes  10.5 Mbits/sec   0.023 ms 0/904 (0%) 0.335/0.188/3.324/0.216 ms 904 pps 3916
[  1] 51.0000-52.0000 sec  1.25 MBytes  10.5 Mbits/sec   0.037 ms 0/904 (0%) 0.364/0.202/3.568/0.305 ms 904 pps 3600
[  1] 52.0000-53.0000 sec  1.25 MBytes  10.5 Mbits/sec   0.066 ms 0/904 (0%) 0.320/0.209/2.573/0.187 ms 904 pps 4099
[  1] 53.0000-54.0000 sec  1.25 MBytes  10.5 Mbits/sec   0.031 ms 0/904 (0%) 0.348/0.186/3.655/0.331 ms 904 pps 3768
[  1] 54.0000-55.0000 sec  1.25 MBytes  10.5 Mbits/sec   0.036 ms 0/903 (0%) 0.319/0.179/3.075/0.240 ms 904 pps 4102
[  1] 55.0000-56.0000 sec  1.25 MBytes  10.5 Mbits/sec   0.029 ms 0/905 (0%) 0.357/0.192/3.017/0.311 ms 904 pps 3679
[  1] 56.0000-57.0000 sec  1.25 MBytes  10.5 Mbits/sec   0.179 ms 0/904 (0%) 0.347/0.189/2.935/0.249 ms 904 pps 3781
[  1] 57.0000-58.0000 sec  1.25 MBytes  10.5 Mbits/sec   0.040 ms 0/903 (0%) 0.322/0.166/3.380/0.244 ms 904 pps 4065
[  1] 58.0000-59.0000 sec  1.25 MBytes  10.5 Mbits/sec   0.034 ms 0/905 (0%) 0.356/0.182/3.663/0.302 ms 904 pps 3683
[  1] 59.0000-60.0000 sec  1.25 MBytes  10.5 Mbits/sec   0.093 ms 0/903 (0%) 0.357/0.210/4.543/0.372 ms 904 pps 3667
[  1] 60.0000-61.0000 sec  1.25 MBytes  10.5 Mbits/sec   0.056 ms 0/904 (0%) 0.334/0.212/3.523/0.284 ms 904 pps 3925
[  1] 61.0000-62.0000 sec  1.25 MBytes  10.5 Mbits/sec   0.086 ms 0/904 (0%) 0.495/0.223/6.395/0.578 ms 904 pps 2647
[  1] 62.0000-63.0000 sec  1.25 MBytes  10.5 Mbits/sec   0.028 ms 0/904 (0%) 0.403/0.199/4.014/0.406 ms 904 pps 3257
[  1] 63.0000-64.0000 sec  1.25 MBytes  10.5 Mbits/sec   0.040 ms 0/904 (0%) 0.434/0.202/6.121/0.538 ms 904 pps 3019
[  1] 64.0000-65.0000 sec  1.25 MBytes  10.5 Mbits/sec   0.050 ms 0/904 (0%) 0.383/0.221/3.944/0.307 ms 904 pps 3424
[  1] 65.0000-66.0000 sec  1.25 MBytes  10.5 Mbits/sec   0.024 ms 0/904 (0%) 0.412/0.216/3.641/0.399 ms 904 pps 3179
[  1] 66.0000-67.0000 sec  1.25 MBytes  10.5 Mbits/sec   0.126 ms 0/904 (0%) 0.564/0.225/6.148/0.634 ms 904 pps 2325
[  1] 67.0000-68.0000 sec  1.25 MBytes  10.5 Mbits/sec   0.059 ms 0/904 (0%) 0.437/0.190/4.133/0.343 ms 904 pps 3000
[  1] 68.0000-69.0000 sec  1.25 MBytes  10.5 Mbits/sec   0.037 ms 0/904 (0%) 0.502/0.185/3.648/0.479 ms 904 pps 2610
Waiting for server threads to complete. Interrupt again to force quit.
[  1] 69.0000-69.5925 sec   759 KBytes  10.5 Mbits/sec   0.110 ms 0/536 (0%) 0.497/0.209/4.821/0.525 ms 905 pps 2642
[  1] 0.0000-69.5925 sec  87.0 MBytes  10.5 Mbits/sec   0.110 ms 0/62912 (0%) 0.430/0.164/8.360/0.466 ms 904 pps 3047
