------------------------------------------------------------
Server listening on UDP port 6004 with pid 16257
Joining multicast group  ff38::4
Read buffer size: 1.44 KByte (Dist bin width= 183 Byte)
Server set to single client traffic mode (per multicast receive)
UDP buffer size:  208 KByte (default)
------------------------------------------------------------
[  1] local ff38::4%h4-eth0 port 6004 connected with 2001:db8::5 port 49386 (sock=3) (peer 2.1.5) on 2025-05-27 12:02:00 (CST)
[ ID] Interval            Transfer     Bandwidth        Jitter   Lost/Total  Latency avg/min/max/stdev PPS NetPwr
[  1] 0.0000-1.0000 sec  1.51 MBytes  12.6 Mbits/sec   0.155 ms 0/1089 (0%) 0.632/0.254/6.973/0.840 ms 1090 pps 2498
[  1] 1.0000-2.0000 sec  1.50 MBytes  12.6 Mbits/sec   0.031 ms 0/1085 (0%) 0.569/0.244/7.839/0.746 ms 1085 pps 2763
[  1] 2.0000-3.0000 sec  1.50 MBytes  12.6 Mbits/sec   0.162 ms 0/1084 (0%) 0.569/0.234/6.664/0.608 ms 1085 pps 2764
[  1] 2.0000-3.0000 sec  1 datagrams received out-of-order
[  1] 3.0000-4.0000 sec  1.50 MBytes  12.6 Mbits/sec   0.089 ms 0/1085 (0%) 0.668/0.210/12.518/1.235 ms 1085 pps 2355
[  1] 3.0000-4.0000 sec  9 datagrams received out-of-order
[  1] 4.0000-5.0000 sec  1.50 MBytes  12.6 Mbits/sec   0.268 ms 0/1085 (0%) 0.411/0.205/3.528/0.401 ms 1085 pps 3829
[  1] 5.0000-6.0000 sec  1.50 MBytes  12.6 Mbits/sec   0.153 ms 0/1085 (0%) 0.382/0.183/3.159/0.304 ms 1085 pps 4121
[  1] 6.0000-7.0000 sec  1.50 MBytes  12.6 Mbits/sec   0.087 ms 0/1084 (0%) 0.572/0.210/5.448/0.679 ms 1084 pps 2748
[  1] 7.0000-8.0000 sec  1.50 MBytes  12.6 Mbits/sec   0.017 ms 0/1085 (0%) 0.393/0.191/4.940/0.394 ms 1085 pps 4007
[  1] 8.0000-9.0000 sec  1.50 MBytes  12.6 Mbits/sec   0.020 ms 0/1085 (0%) 0.425/0.211/4.601/0.455 ms 1085 pps 3702
[  1] 9.0000-10.0000 sec  1.50 MBytes  12.6 Mbits/sec   0.080 ms 0/1084 (0%) 0.484/0.197/5.634/0.586 ms 1084 pps 3246
[  1] 10.0000-11.0000 sec  1.50 MBytes  12.6 Mbits/sec   0.025 ms 0/1085 (0%) 0.343/0.177/4.381/0.347 ms 1085 pps 4586
[  1] 11.0000-12.0000 sec  1.50 MBytes  12.6 Mbits/sec   0.033 ms 0/1085 (0%) 0.415/0.205/7.283/0.531 ms 1085 pps 3794
[  1] 12.0000-13.0000 sec  1.50 MBytes  12.6 Mbits/sec   0.046 ms 0/1085 (0%) 0.420/0.202/6.576/0.568 ms 1085 pps 3748
[  1] 13.0000-14.0000 sec  1.50 MBytes  12.6 Mbits/sec   0.125 ms 0/1085 (0%) 0.348/0.202/5.665/0.328 ms 1085 pps 4519
[  1] 14.0000-15.0000 sec  1.50 MBytes  12.6 Mbits/sec   0.065 ms 0/1084 (0%) 0.480/0.177/7.478/0.646 ms 1084 pps 3277
[  1] 15.0000-16.0000 sec  1.50 MBytes  12.6 Mbits/sec   0.031 ms 0/1085 (0%) 0.335/0.176/5.000/0.361 ms 1085 pps 4700
[  1] 16.0000-17.0000 sec  1.50 MBytes  12.6 Mbits/sec   0.207 ms 0/1085 (0%) 0.432/0.218/4.799/0.466 ms 1085 pps 3645
[  1] 17.0000-18.0000 sec  1.50 MBytes  12.6 Mbits/sec   0.080 ms 0/1084 (0%) 0.421/0.205/3.723/0.400 ms 1085 pps 3734
[  1] 18.0000-19.0000 sec  1.50 MBytes  12.6 Mbits/sec   0.028 ms 0/1085 (0%) 0.495/0.189/7.383/0.724 ms 1085 pps 3176
[  1] 18.0000-19.0000 sec  1 datagrams received out-of-order
[  1] 19.0000-20.0000 sec  1.50 MBytes  12.6 Mbits/sec   0.046 ms 0/1085 (0%) 0.354/0.203/5.453/0.381 ms 1085 pps 4446
[  1] 19.0000-20.0000 sec  1 datagrams received out-of-order
[  1] 20.0000-21.0000 sec  1.50 MBytes  12.6 Mbits/sec   0.057 ms 0/1085 (0%) 0.335/0.216/3.237/0.226 ms 1085 pps 4693
[  1] 21.0000-22.0000 sec  1.50 MBytes  12.6 Mbits/sec   0.042 ms 0/1084 (0%) 0.336/0.156/3.541/0.280 ms 1085 pps 4675
[  1] 22.0000-23.0000 sec  1.50 MBytes  12.6 Mbits/sec   0.145 ms 0/1085 (0%) 0.470/0.186/3.869/0.396 ms 1085 pps 3345
[  1] 23.0000-24.0000 sec  1.50 MBytes  12.6 Mbits/sec   0.160 ms 0/1085 (0%) 0.364/0.182/3.556/0.307 ms 1085 pps 4323
[  1] 24.0000-25.0000 sec  1.50 MBytes  12.6 Mbits/sec   0.068 ms 0/1084 (0%) 0.373/0.212/3.814/0.355 ms 1084 pps 4212
[  1] 25.0000-26.0000 sec  1.50 MBytes  12.6 Mbits/sec   0.102 ms 0/1085 (0%) 0.390/0.187/4.910/0.436 ms 1085 pps 4032
[  1] 26.0000-27.0000 sec  1.50 MBytes  12.6 Mbits/sec   0.023 ms 0/1085 (0%) 0.401/0.181/4.639/0.415 ms 1085 pps 3924
[  1] 27.0000-28.0000 sec  1.50 MBytes  12.6 Mbits/sec   0.059 ms 0/1085 (0%) 0.425/0.166/5.461/0.590 ms 1084 pps 3699
[  1] 28.0000-29.0000 sec  1.50 MBytes  12.6 Mbits/sec   0.110 ms 0/1084 (0%) 0.390/0.188/3.576/0.296 ms 1085 pps 4031
[  1] 29.0000-30.0000 sec  1.50 MBytes  12.6 Mbits/sec   0.046 ms 0/1085 (0%) 0.458/0.198/6.854/0.574 ms 1085 pps 3434
[  1] 30.0000-31.0000 sec  1.50 MBytes  12.6 Mbits/sec   0.046 ms 0/1085 (0%) 0.534/0.201/7.382/0.861 ms 1084 pps 2947
[  1] 31.0000-32.0000 sec  1.50 MBytes  12.6 Mbits/sec   0.038 ms 0/1085 (0%) 0.402/0.184/5.775/0.465 ms 1085 pps 3917
[  1] 32.0000-33.0000 sec  1.50 MBytes  12.6 Mbits/sec   0.039 ms 0/1084 (0%) 0.334/0.185/2.848/0.221 ms 1085 pps 4700
[  1] 33.0000-34.0000 sec  1.50 MBytes  12.6 Mbits/sec   0.417 ms 0/1085 (0%) 0.553/0.196/4.200/0.578 ms 1085 pps 2845
[  1] 34.0000-35.0000 sec  1.50 MBytes  12.6 Mbits/sec   0.140 ms 0/1085 (0%) 0.787/0.190/7.355/0.976 ms 1085 pps 1999
[  1] 35.0000-36.0000 sec  1.50 MBytes  12.6 Mbits/sec   0.270 ms 0/1085 (0%) 0.389/0.195/6.161/0.485 ms 1085 pps 4045
[  1] 36.0000-37.0000 sec  1.50 MBytes  12.6 Mbits/sec   0.055 ms 0/1084 (0%) 0.414/0.227/4.015/0.386 ms 1085 pps 3799
[  1] 37.0000-38.0000 sec  1.50 MBytes  12.6 Mbits/sec   0.045 ms 0/1085 (0%) 0.394/0.189/5.817/0.516 ms 1085 pps 3994
[  1] 38.0000-39.0000 sec  1.50 MBytes  12.6 Mbits/sec   0.068 ms 0/1085 (0%) 0.332/0.202/4.071/0.309 ms 1085 pps 4742
[  1] 39.0000-40.0000 sec  1.50 MBytes  12.6 Mbits/sec   0.028 ms 0/1085 (0%) 0.379/0.192/5.380/0.479 ms 1085 pps 4151
[  1] 40.0000-41.0000 sec  1.50 MBytes  12.6 Mbits/sec   0.019 ms 0/1084 (0%) 0.358/0.177/3.827/0.351 ms 1085 pps 4386
[  1] 41.0000-42.0000 sec  1.50 MBytes  12.6 Mbits/sec   0.023 ms 0/1085 (0%) 0.345/0.173/3.317/0.308 ms 1085 pps 4557
[  1] 42.0000-43.0000 sec  1.50 MBytes  12.6 Mbits/sec   0.031 ms 0/1085 (0%) 0.313/0.208/3.808/0.278 ms 1085 pps 5028
[  1] 43.0000-44.0000 sec  1.50 MBytes  12.6 Mbits/sec   0.054 ms 0/1084 (0%) 0.388/0.209/4.569/0.408 ms 1085 pps 4051
[  1] 44.0000-45.0000 sec  1.50 MBytes  12.6 Mbits/sec   0.043 ms 0/1085 (0%) 0.516/0.206/7.570/0.883 ms 1085 pps 3050
[  1] 45.0000-46.0000 sec  1.50 MBytes  12.6 Mbits/sec   0.057 ms 0/1085 (0%) 0.371/0.188/4.330/0.392 ms 1085 pps 4240
[  1] 46.0000-47.0000 sec  1.50 MBytes  12.6 Mbits/sec   0.036 ms 0/1084 (0%) 0.392/0.184/4.905/0.447 ms 1085 pps 4013
[  1] 47.0000-48.0000 sec  1.50 MBytes  12.6 Mbits/sec   0.023 ms 0/1086 (0%) 0.332/0.209/3.235/0.271 ms 1085 pps 4747
[  1] 48.0000-49.0000 sec  1.50 MBytes  12.6 Mbits/sec   0.066 ms 0/1084 (0%) 0.326/0.193/4.280/0.309 ms 1085 pps 4825
[  1] 49.0000-50.0000 sec  1.50 MBytes  12.6 Mbits/sec   0.028 ms 0/1085 (0%) 0.312/0.170/2.877/0.206 ms 1084 pps 5041
[  1] 49.0000-50.0000 sec  1 datagrams received out-of-order
[  1] 50.0000-51.0000 sec  1.50 MBytes  12.6 Mbits/sec   0.025 ms 0/1085 (0%) 0.337/0.189/2.914/0.249 ms 1085 pps 4670
[  1] 51.0000-52.0000 sec  1.50 MBytes  12.6 Mbits/sec   0.033 ms 0/1084 (0%) 0.312/0.179/3.958/0.237 ms 1085 pps 5030
[  1] 52.0000-53.0000 sec  1.50 MBytes  12.6 Mbits/sec   0.036 ms 0/1085 (0%) 0.332/0.199/4.091/0.334 ms 1084 pps 4738
[  1] 53.0000-54.0000 sec  1.50 MBytes  12.6 Mbits/sec   0.069 ms 0/1085 (0%) 0.345/0.190/4.468/0.349 ms 1085 pps 4560
[  1] 54.0000-55.0000 sec  1.50 MBytes  12.6 Mbits/sec   0.104 ms 0/1085 (0%) 0.335/0.182/4.305/0.381 ms 1085 pps 4699
[  1] 55.0000-56.0000 sec  1.50 MBytes  12.6 Mbits/sec   0.144 ms 0/1084 (0%) 0.322/0.178/2.283/0.206 ms 1085 pps 4876
[  1] 56.0000-57.0000 sec  1.50 MBytes  12.6 Mbits/sec   0.034 ms 0/1085 (0%) 0.482/0.176/4.137/0.542 ms 1085 pps 3264
[  1] 57.0000-58.0000 sec  1.50 MBytes  12.6 Mbits/sec   0.049 ms 0/1085 (0%) 0.448/0.205/4.755/0.571 ms 1085 pps 3510
[  1] 58.0000-59.0000 sec  1.50 MBytes  12.6 Mbits/sec   0.026 ms 0/1085 (0%) 0.390/0.198/4.634/0.382 ms 1085 pps 4035
[  1] 59.0000-60.0000 sec  1.50 MBytes  12.6 Mbits/sec   0.034 ms 0/1084 (0%) 0.382/0.214/3.964/0.313 ms 1085 pps 4110
[  1] 60.0000-61.0000 sec  1.50 MBytes  12.6 Mbits/sec   0.128 ms 0/1085 (0%) 0.445/0.212/4.827/0.502 ms 1085 pps 3534
[  1] 61.0000-62.0000 sec  1.50 MBytes  12.6 Mbits/sec   0.063 ms 0/1085 (0%) 0.649/0.229/7.599/0.890 ms 1084 pps 2426
[  1] 62.0000-63.0000 sec  1.50 MBytes  12.6 Mbits/sec   0.265 ms 0/1084 (0%) 0.489/0.189/6.403/0.581 ms 1085 pps 3211
[  1] 63.0000-64.0000 sec  1.50 MBytes  12.6 Mbits/sec   0.060 ms 0/1085 (0%) 0.670/0.196/5.692/0.882 ms 1085 pps 2348
[  1] 64.0000-65.0000 sec  1.50 MBytes  12.6 Mbits/sec   0.092 ms 0/1085 (0%) 0.498/0.214/5.151/0.539 ms 1084 pps 3161
[  1] 65.0000-66.0000 sec  1.50 MBytes  12.6 Mbits/sec   0.164 ms 0/1085 (0%) 0.401/0.184/3.540/0.355 ms 1085 pps 3920
[  1] 66.0000-67.0000 sec  1.50 MBytes  12.6 Mbits/sec   0.044 ms 0/1084 (0%) 0.494/0.198/6.376/0.631 ms 1084 pps 3179
[  1] 67.0000-68.0000 sec  1.50 MBytes  12.6 Mbits/sec   0.029 ms 0/1085 (0%) 0.396/0.239/4.442/0.393 ms 1085 pps 3969
Waiting for server threads to complete. Interrupt again to force quit.
[  1] 0.0000-68.0561 sec   102 MBytes  12.6 Mbits/sec   0.283 ms 0/73826 (0%) 0.427/0.156/12.518/0.527 ms 1085 pps 3688
[  1] 0.0000-68.0561 sec  13 datagrams received out-of-order
