------------------------------------------------------------
Server listening on UDP port 6003 with pid 16124
Joining multicast group  ff38::3
Read buffer size: 1.44 KByte (Dist bin width= 183 Byte)
Server set to single client traffic mode (per multicast receive)
UDP buffer size:  208 KByte (default)
------------------------------------------------------------
[  1] local ff38::3%h1-eth0 port 6003 connected with 2001:db8::3 port 51135 (sock=3) (peer 2.1.5) on 2025-05-27 12:01:58 (CST)
[ ID] Interval            Transfer     Bandwidth        Jitter   Lost/Total  Latency avg/min/max/stdev PPS NetPwr
[  1] 0.0000-1.0000 sec  1.25 MBytes  10.5 Mbits/sec   0.140 ms 0/906 (0%) 0.680/0.287/6.737/0.776 ms 907 pps 1933
[  1] 1.0000-2.0000 sec  1.24 MBytes  10.4 Mbits/sec   0.118 ms 0/900 (0%) 0.942/0.239/10.362/1.278 ms 904 pps 1386
[  1] 2.0000-3.0000 sec  1.25 MBytes  10.5 Mbits/sec   0.241 ms 0/907 (0%) 0.578/0.181/5.122/0.547 ms 904 pps 2276
[  1] 2.0000-3.0000 sec  1 datagrams received out-of-order
[  1] 3.0000-4.0000 sec  1.25 MBytes  10.5 Mbits/sec   0.201 ms 0/904 (0%) 0.709/0.183/9.564/1.100 ms 904 pps 1849
[  1] 3.0000-4.0000 sec  2 datagrams received out-of-order
[  1] 4.0000-5.0000 sec  1.25 MBytes  10.5 Mbits/sec   0.270 ms 0/905 (0%) 0.530/0.172/5.763/0.579 ms 904 pps 2476
[  1] 5.0000-6.0000 sec  1.25 MBytes  10.5 Mbits/sec   0.161 ms 0/904 (0%) 0.611/0.220/6.893/0.709 ms 904 pps 2147
[  1] 5.0000-6.0000 sec  4 datagrams received out-of-order
[  1] 6.0000-7.0000 sec  1.25 MBytes  10.5 Mbits/sec   0.235 ms 0/904 (0%) 0.539/0.171/5.602/0.556 ms 904 pps 2433
[  1] 6.0000-7.0000 sec  3 datagrams received out-of-order
[  1] 7.0000-8.0000 sec  1.25 MBytes  10.5 Mbits/sec   0.228 ms 0/903 (0%) 0.534/0.181/4.932/0.512 ms 903 pps 2450
[  1] 7.0000-8.0000 sec  3 datagrams received out-of-order
[  1] 8.0000-9.0000 sec  1.25 MBytes  10.5 Mbits/sec   0.250 ms 0/904 (0%) 0.580/0.195/4.908/0.568 ms 904 pps 2259
[  1] 8.0000-9.0000 sec  1 datagrams received out-of-order
[  1] 9.0000-10.0000 sec  1.25 MBytes  10.5 Mbits/sec   0.157 ms 0/904 (0%) 0.645/0.197/6.254/0.675 ms 904 pps 2033
[  1] 9.0000-10.0000 sec  2 datagrams received out-of-order
[  1] 10.0000-11.0000 sec  1.25 MBytes  10.5 Mbits/sec   0.202 ms 0/904 (0%) 0.669/0.179/4.819/0.746 ms 905 pps 1959
[  1] 10.0000-11.0000 sec  7 datagrams received out-of-order
[  1] 11.0000-12.0000 sec  1.25 MBytes  10.5 Mbits/sec   0.129 ms 0/904 (0%) 0.459/0.181/3.624/0.346 ms 904 pps 2854
[  1] 11.0000-12.0000 sec  1 datagrams received out-of-order
[  1] 12.0000-13.0000 sec  1.25 MBytes  10.5 Mbits/sec   0.087 ms 0/904 (0%) 0.481/0.227/5.101/0.530 ms 904 pps 2726
[  1] 12.0000-13.0000 sec  1 datagrams received out-of-order
[  1] 13.0000-14.0000 sec  1.25 MBytes  10.5 Mbits/sec   0.101 ms 0/904 (0%) 0.477/0.161/5.238/0.559 ms 904 pps 2746
[  1] 14.0000-15.0000 sec  1.25 MBytes  10.5 Mbits/sec   0.095 ms 0/904 (0%) 0.432/0.186/3.974/0.385 ms 904 pps 3035
[  1] 15.0000-16.0000 sec  1.25 MBytes  10.5 Mbits/sec   0.095 ms 0/904 (0%) 0.536/0.223/5.851/0.674 ms 904 pps 2447
[  1] 16.0000-17.0000 sec  1.25 MBytes  10.5 Mbits/sec   0.153 ms 0/904 (0%) 0.591/0.214/8.572/0.768 ms 904 pps 2218
[  1] 16.0000-17.0000 sec  1 datagrams received out-of-order
[  1] 17.0000-18.0000 sec  1.25 MBytes  10.5 Mbits/sec   0.166 ms 0/903 (0%) 0.476/0.226/4.806/0.508 ms 903 pps 2748
[  1] 18.0000-19.0000 sec  1.25 MBytes  10.5 Mbits/sec   0.201 ms 0/905 (0%) 0.455/0.209/4.708/0.450 ms 904 pps 2883
[  1] 18.0000-19.0000 sec  1 datagrams received out-of-order
[  1] 19.0000-20.0000 sec  1.25 MBytes  10.5 Mbits/sec   0.294 ms 0/904 (0%) 0.728/0.164/7.144/0.922 ms 904 pps 1800
[  1] 19.0000-20.0000 sec  3 datagrams received out-of-order
[  1] 20.0000-21.0000 sec  1.24 MBytes  10.4 Mbits/sec   0.135 ms 0/900 (0%) 0.595/0.210/6.529/0.722 ms 904 pps 2192
[  1] 20.0000-21.0000 sec  3 datagrams received out-of-order
[  1] 21.0000-22.0000 sec  1.26 MBytes  10.5 Mbits/sec   0.091 ms 0/908 (0%) 0.467/0.179/5.677/0.462 ms 904 pps 2822
[  1] 21.0000-22.0000 sec  1 datagrams received out-of-order
[  1] 22.0000-23.0000 sec  1.25 MBytes  10.5 Mbits/sec   0.077 ms 0/904 (0%) 0.405/0.228/3.209/0.249 ms 904 pps 3240
[  1] 23.0000-24.0000 sec  1.25 MBytes  10.5 Mbits/sec   0.262 ms 0/903 (0%) 0.489/0.192/5.697/0.536 ms 904 pps 2675
[  1] 24.0000-25.0000 sec  1.25 MBytes  10.5 Mbits/sec   0.311 ms 0/904 (0%) 0.575/0.192/4.509/0.558 ms 904 pps 2279
[  1] 24.0000-25.0000 sec  1 datagrams received out-of-order
[  1] 25.0000-26.0000 sec  1.25 MBytes  10.5 Mbits/sec   0.126 ms 1/905 (0.11%) 0.526/0.163/5.376/0.536 ms 903 pps 2492
[  1] 25.0000-26.0000 sec  1 datagrams received out-of-order
[  1] 26.0000-27.0000 sec  1.25 MBytes  10.5 Mbits/sec   0.169 ms 0/903 (0%) 0.386/0.145/3.820/0.257 ms 904 pps 3389
[  1] 27.0000-28.0000 sec  1.25 MBytes  10.5 Mbits/sec   0.107 ms 0/905 (0%) 0.481/0.186/5.929/0.469 ms 904 pps 2727
[  1] 27.0000-28.0000 sec  2 datagrams received out-of-order
[  1] 28.0000-29.0000 sec  1.25 MBytes  10.5 Mbits/sec   0.094 ms 0/903 (0%) 0.644/0.159/7.365/0.919 ms 904 pps 2033
[  1] 29.0000-30.0000 sec  1.25 MBytes  10.5 Mbits/sec   0.069 ms 0/904 (0%) 0.476/0.217/4.017/0.429 ms 904 pps 2755
[  1] 30.0000-31.0000 sec  1.25 MBytes  10.5 Mbits/sec   0.116 ms 0/904 (0%) 0.465/0.220/4.645/0.443 ms 904 pps 2822
[  1] 31.0000-32.0000 sec  1.25 MBytes  10.5 Mbits/sec   0.164 ms 1/904 (0.11%) 0.665/0.196/6.790/0.762 ms 903 pps 1969
[  1] 31.0000-32.0000 sec  2 datagrams received out-of-order
[  1] 32.0000-33.0000 sec  1.25 MBytes  10.5 Mbits/sec   0.124 ms 0/904 (0%) 0.647/0.210/8.128/1.071 ms 904 pps 2025
[  1] 33.0000-34.0000 sec  1.25 MBytes  10.5 Mbits/sec   0.148 ms 0/904 (0%) 0.532/0.192/9.041/0.869 ms 904 pps 2463
[  1] 33.0000-34.0000 sec  1 datagrams received out-of-order
[  1] 34.0000-35.0000 sec  1.25 MBytes  10.5 Mbits/sec   0.136 ms 0/904 (0%) 0.451/0.161/5.630/0.435 ms 904 pps 2904
[  1] 34.0000-35.0000 sec  1 datagrams received out-of-order
[  1] 35.0000-36.0000 sec  1.25 MBytes  10.5 Mbits/sec   0.261 ms 0/904 (0%) 0.512/0.188/3.641/0.423 ms 904 pps 2560
[  1] 35.0000-36.0000 sec  1 datagrams received out-of-order
[  1] 36.0000-37.0000 sec  1.25 MBytes  10.5 Mbits/sec   0.361 ms 0/902 (0%) 0.896/0.178/5.112/0.850 ms 903 pps 1460
[  1] 36.0000-37.0000 sec  1 datagrams received out-of-order
[  1] 37.0000-38.0000 sec  1.25 MBytes  10.5 Mbits/sec   0.260 ms 0/905 (0%) 1.221/0.190/13.370/2.317 ms 906 pps 1075
[  1] 37.0000-38.0000 sec  1 datagrams received out-of-order
[  1] 38.0000-39.0000 sec  1.25 MBytes  10.5 Mbits/sec   0.091 ms 0/904 (0%) 0.513/0.213/4.712/0.510 ms 904 pps 2558
[  1] 38.0000-39.0000 sec  1 datagrams received out-of-order
[  1] 39.0000-40.0000 sec  1.25 MBytes  10.5 Mbits/sec   0.106 ms 0/902 (0%) 0.610/0.164/6.508/0.820 ms 904 pps 2143
[  1] 39.0000-40.0000 sec  1 datagrams received out-of-order
[  1] 40.0000-41.0000 sec  1.25 MBytes  10.5 Mbits/sec   0.110 ms 0/907 (0%) 0.434/0.204/4.010/0.366 ms 904 pps 3031
[  1] 40.0000-41.0000 sec  1 datagrams received out-of-order
[  1] 41.0000-42.0000 sec  1.25 MBytes  10.5 Mbits/sec   0.161 ms 0/903 (0%) 0.435/0.219/5.054/0.461 ms 904 pps 3013
[  1] 42.0000-43.0000 sec  1.25 MBytes  10.5 Mbits/sec   0.157 ms 0/905 (0%) 0.452/0.181/4.943/0.453 ms 904 pps 2900
[  1] 43.0000-44.0000 sec  1.25 MBytes  10.5 Mbits/sec   0.102 ms 0/904 (0%) 0.400/0.176/4.033/0.252 ms 904 pps 3277
[  1] 44.0000-45.0000 sec  1.25 MBytes  10.5 Mbits/sec   0.115 ms 0/903 (0%) 0.487/0.189/4.986/0.513 ms 904 pps 2688
[  1] 44.0000-45.0000 sec  1 datagrams received out-of-order
[  1] 45.0000-46.0000 sec  1.25 MBytes  10.5 Mbits/sec   0.230 ms 0/904 (0%) 0.442/0.174/5.587/0.466 ms 904 pps 2963
[  1] 45.0000-46.0000 sec  1 datagrams received out-of-order
[  1] 46.0000-47.0000 sec  1.25 MBytes  10.5 Mbits/sec   0.095 ms 0/904 (0%) 0.499/0.212/6.493/0.644 ms 904 pps 2624
[  1] 46.0000-47.0000 sec  2 datagrams received out-of-order
[  1] 47.0000-48.0000 sec  1.25 MBytes  10.5 Mbits/sec   0.116 ms 1/904 (0.11%) 0.408/0.198/3.846/0.317 ms 903 pps 3209
[  1] 48.0000-49.0000 sec  1.25 MBytes  10.5 Mbits/sec   0.123 ms 0/904 (0%) 0.460/0.189/4.171/0.434 ms 904 pps 2852
[  1] 48.0000-49.0000 sec  2 datagrams received out-of-order
[  1] 49.0000-50.0000 sec  1.25 MBytes  10.5 Mbits/sec   0.120 ms 0/904 (0%) 0.401/0.178/5.093/0.341 ms 904 pps 3268
[  1] 50.0000-51.0000 sec  1.25 MBytes  10.5 Mbits/sec   0.085 ms 0/904 (0%) 0.435/0.156/5.972/0.414 ms 904 pps 3014
[  1] 51.0000-52.0000 sec  1.25 MBytes  10.5 Mbits/sec   0.080 ms 0/904 (0%) 0.422/0.181/4.593/0.362 ms 904 pps 3107
[  1] 52.0000-53.0000 sec  1.25 MBytes  10.5 Mbits/sec   0.153 ms 0/903 (0%) 0.404/0.213/2.750/0.261 ms 905 pps 3240
[  1] 53.0000-54.0000 sec  1.25 MBytes  10.5 Mbits/sec   0.124 ms 0/905 (0%) 0.442/0.202/3.614/0.393 ms 904 pps 2970
[  1] 54.0000-55.0000 sec  1.25 MBytes  10.5 Mbits/sec   0.117 ms 0/904 (0%) 0.459/0.188/4.651/0.522 ms 904 pps 2856
[  1] 55.0000-56.0000 sec  1.25 MBytes  10.5 Mbits/sec   0.119 ms 0/904 (0%) 0.436/0.165/4.887/0.439 ms 904 pps 3003
[  1] 56.0000-57.0000 sec  1.25 MBytes  10.5 Mbits/sec   0.049 ms 0/904 (0%) 0.470/0.185/5.118/0.515 ms 904 pps 2789
[  1] 56.0000-57.0000 sec  2 datagrams received out-of-order
[  1] 57.0000-58.0000 sec  1.25 MBytes  10.5 Mbits/sec   0.094 ms 0/904 (0%) 0.432/0.191/4.791/0.433 ms 904 pps 3038
[  1] 58.0000-59.0000 sec  1.25 MBytes  10.5 Mbits/sec   0.182 ms 0/901 (0%) 0.622/0.151/4.972/0.683 ms 902 pps 2099
[  1] 58.0000-59.0000 sec  2 datagrams received out-of-order
[  1] 59.0000-60.0000 sec  1.25 MBytes  10.5 Mbits/sec   0.088 ms 0/907 (0%) 0.471/0.196/3.594/0.368 ms 906 pps 2789
[  1] 59.0000-60.0000 sec  3 datagrams received out-of-order
[  1] 60.0000-61.0000 sec  1.25 MBytes  10.5 Mbits/sec   0.154 ms 0/903 (0%) 0.496/0.141/6.455/0.564 ms 904 pps 2642
[  1] 61.0000-62.0000 sec  1.25 MBytes  10.5 Mbits/sec   0.231 ms 0/904 (0%) 0.464/0.209/5.580/0.429 ms 904 pps 2824
[  1] 61.0000-62.0000 sec  1 datagrams received out-of-order
[  1] 62.0000-63.0000 sec  1.25 MBytes  10.5 Mbits/sec   0.111 ms 1/904 (0.11%) 0.462/0.224/6.384/0.472 ms 903 pps 2836
[  1] 63.0000-64.0000 sec  1.25 MBytes  10.5 Mbits/sec   0.220 ms 0/905 (0%) 0.675/0.180/7.009/0.815 ms 904 pps 1943
[  1] 63.0000-64.0000 sec  4 datagrams received out-of-order
[  1] 64.0000-65.0000 sec  1.25 MBytes  10.5 Mbits/sec   0.112 ms 0/903 (0%) 0.781/0.146/6.265/0.894 ms 904 pps 1677
[  1] 64.0000-65.0000 sec  1 datagrams received out-of-order
[  1] 65.0000-66.0000 sec  1.25 MBytes  10.5 Mbits/sec   0.202 ms 0/904 (0%) 1.200/0.180/16.009/2.743 ms 904 pps 1092
[  1] 65.0000-66.0000 sec  1 datagrams received out-of-order
[  1] 66.0000-67.0000 sec  1.25 MBytes  10.5 Mbits/sec   0.056 ms 0/904 (0%) 0.569/0.174/6.086/0.645 ms 904 pps 2303
[  1] 67.0000-68.0000 sec  1.25 MBytes  10.5 Mbits/sec   0.139 ms 0/904 (0%) 0.507/0.207/5.552/0.520 ms 904 pps 2586
[  1] 67.0000-68.0000 sec  2 datagrams received out-of-order
[  1] 68.0000-69.0000 sec  1.25 MBytes  10.5 Mbits/sec   0.043 ms 0/904 (0%) 0.481/0.196/4.047/0.456 ms 904 pps 2724
[  1] 68.0000-69.0000 sec  3 datagrams received out-of-order
Waiting for server threads to complete. Interrupt again to force quit.
[  1] 69.0000-69.5838 sec   748 KBytes  10.5 Mbits/sec   0.054 ms 0/528 (0%) 0.403/0.218/4.160/0.417 ms 903 pps 3257
[  1] 69.0000-69.5838 sec  1 datagrams received out-of-order
[  1] 0.0000-69.5838 sec  87.0 MBytes  10.5 Mbits/sec   0.054 ms 4/62902 (0.0064%) 0.547/0.141/16.009/0.750 ms 904 pps 2395
[  1] 0.0000-69.5838 sec  74 datagrams received out-of-order
