------------------------------------------------------------
Server listening on UDP port 6004 with pid 16300
Joining multicast group  ff38::4
Read buffer size: 1.44 KByte (Dist bin width= 183 Byte)
Server set to single client traffic mode (per multicast receive)
UDP buffer size:  208 KByte (default)
------------------------------------------------------------
[  1] local ff38::4%h2-eth0 port 6004 connected with 2001:db8::5 port 49386 (sock=3) (peer 2.1.5) on 2025-05-27 12:02:00 (CST)
[ ID] Interval            Transfer     Bandwidth        Jitter   Lost/Total  Latency avg/min/max/stdev PPS NetPwr
[  1] 0.0000-1.0000 sec  1.51 MBytes  12.6 Mbits/sec   0.158 ms 0/1089 (0%) 0.652/0.270/6.994/0.841 ms 1090 pps 2423
[  1] 1.0000-2.0000 sec  1.50 MBytes  12.6 Mbits/sec   0.032 ms 0/1085 (0%) 0.585/0.253/7.862/0.745 ms 1085 pps 2690
[  1] 2.0000-3.0000 sec  1.50 MBytes  12.6 Mbits/sec   0.169 ms 0/1084 (0%) 0.587/0.254/6.687/0.609 ms 1085 pps 2676
[  1] 2.0000-3.0000 sec  1 datagrams received out-of-order
[  1] 3.0000-4.0000 sec  1.50 MBytes  12.6 Mbits/sec   0.091 ms 0/1085 (0%) 0.685/0.229/12.032/1.218 ms 1085 pps 2296
[  1] 3.0000-4.0000 sec  9 datagrams received out-of-order
[  1] 4.0000-5.0000 sec  1.50 MBytes  12.6 Mbits/sec   0.270 ms 0/1085 (0%) 0.429/0.215/3.550/0.402 ms 1085 pps 3669
[  1] 5.0000-6.0000 sec  1.50 MBytes  12.6 Mbits/sec   0.155 ms 0/1085 (0%) 0.399/0.193/3.177/0.303 ms 1085 pps 3948
[  1] 6.0000-7.0000 sec  1.50 MBytes  12.6 Mbits/sec   0.089 ms 0/1084 (0%) 0.590/0.228/5.469/0.678 ms 1084 pps 2662
[  1] 7.0000-8.0000 sec  1.50 MBytes  12.6 Mbits/sec   0.016 ms 0/1085 (0%) 0.411/0.209/4.960/0.394 ms 1085 pps 3828
[  1] 8.0000-9.0000 sec  1.50 MBytes  12.6 Mbits/sec   0.023 ms 0/1085 (0%) 0.442/0.227/4.613/0.455 ms 1085 pps 3558
[  1] 9.0000-10.0000 sec  1.50 MBytes  12.6 Mbits/sec   0.078 ms 0/1085 (0%) 0.501/0.212/5.643/0.585 ms 1084 pps 3137
[  1] 10.0000-11.0000 sec  1.50 MBytes  12.6 Mbits/sec   0.027 ms 0/1085 (0%) 0.360/0.198/4.436/0.348 ms 1085 pps 4375
[  1] 11.0000-12.0000 sec  1.50 MBytes  12.6 Mbits/sec   0.032 ms 0/1084 (0%) 0.431/0.221/7.313/0.530 ms 1085 pps 3650
[  1] 12.0000-13.0000 sec  1.50 MBytes  12.6 Mbits/sec   0.050 ms 0/1085 (0%) 0.437/0.210/6.590/0.569 ms 1085 pps 3597
[  1] 13.0000-14.0000 sec  1.50 MBytes  12.6 Mbits/sec   0.127 ms 0/1085 (0%) 0.365/0.219/5.705/0.329 ms 1085 pps 4309
[  1] 14.0000-15.0000 sec  1.50 MBytes  12.6 Mbits/sec   0.065 ms 0/1085 (0%) 0.497/0.201/7.525/0.647 ms 1085 pps 3163
[  1] 15.0000-16.0000 sec  1.50 MBytes  12.6 Mbits/sec   0.030 ms 0/1084 (0%) 0.351/0.195/5.019/0.361 ms 1084 pps 4476
[  1] 16.0000-17.0000 sec  1.50 MBytes  12.6 Mbits/sec   0.203 ms 0/1085 (0%) 0.449/0.231/4.817/0.467 ms 1085 pps 3508
[  1] 17.0000-18.0000 sec  1.50 MBytes  12.6 Mbits/sec   0.089 ms 0/1085 (0%) 0.440/0.221/3.758/0.401 ms 1085 pps 3572
[  1] 18.0000-19.0000 sec  1.50 MBytes  12.6 Mbits/sec   0.027 ms 0/1084 (0%) 0.516/0.199/7.413/0.734 ms 1085 pps 3047
[  1] 18.0000-19.0000 sec  1 datagrams received out-of-order
[  1] 19.0000-20.0000 sec  1.50 MBytes  12.6 Mbits/sec   0.050 ms 0/1085 (0%) 0.370/0.214/5.472/0.382 ms 1085 pps 4248
[  1] 19.0000-20.0000 sec  1 datagrams received out-of-order
[  1] 20.0000-21.0000 sec  1.50 MBytes  12.6 Mbits/sec   0.057 ms 0/1085 (0%) 0.350/0.234/3.259/0.226 ms 1085 pps 4494
[  1] 21.0000-22.0000 sec  1.50 MBytes  12.6 Mbits/sec   0.041 ms 0/1084 (0%) 0.354/0.174/3.569/0.280 ms 1085 pps 4444
[  1] 22.0000-23.0000 sec  1.50 MBytes  12.6 Mbits/sec   0.138 ms 0/1086 (0%) 0.490/0.203/3.906/0.396 ms 1085 pps 3217
[  1] 23.0000-24.0000 sec  1.50 MBytes  12.6 Mbits/sec   0.161 ms 0/1084 (0%) 0.381/0.196/3.574/0.307 ms 1085 pps 4122
[  1] 24.0000-25.0000 sec  1.50 MBytes  12.6 Mbits/sec   0.069 ms 0/1085 (0%) 0.389/0.229/3.836/0.355 ms 1084 pps 4042
[  1] 25.0000-26.0000 sec  1.50 MBytes  12.6 Mbits/sec   0.102 ms 0/1084 (0%) 0.408/0.197/4.926/0.435 ms 1085 pps 3850
[  1] 26.0000-27.0000 sec  1.50 MBytes  12.6 Mbits/sec   0.023 ms 0/1085 (0%) 0.420/0.200/4.651/0.415 ms 1085 pps 3749
[  1] 27.0000-28.0000 sec  1.50 MBytes  12.6 Mbits/sec   0.060 ms 0/1085 (0%) 0.442/0.191/5.474/0.590 ms 1084 pps 3560
[  1] 28.0000-29.0000 sec  1.50 MBytes  12.6 Mbits/sec   0.109 ms 0/1085 (0%) 0.407/0.213/3.586/0.296 ms 1085 pps 3861
[  1] 29.0000-30.0000 sec  1.50 MBytes  12.6 Mbits/sec   0.046 ms 0/1085 (0%) 0.475/0.215/6.878/0.575 ms 1085 pps 3313
[  1] 30.0000-31.0000 sec  1.50 MBytes  12.6 Mbits/sec   0.048 ms 0/1084 (0%) 0.550/0.211/7.404/0.862 ms 1084 pps 2860
[  1] 31.0000-32.0000 sec  1.50 MBytes  12.6 Mbits/sec   0.037 ms 0/1085 (0%) 0.420/0.209/5.798/0.465 ms 1085 pps 3745
[  1] 32.0000-33.0000 sec  1.50 MBytes  12.6 Mbits/sec   0.051 ms 0/1085 (0%) 0.351/0.203/2.868/0.221 ms 1084 pps 4478
[  1] 33.0000-34.0000 sec  1.50 MBytes  12.6 Mbits/sec   0.418 ms 0/1084 (0%) 0.572/0.218/4.234/0.577 ms 1085 pps 2750
[  1] 34.0000-35.0000 sec  1.50 MBytes  12.6 Mbits/sec   0.141 ms 0/1085 (0%) 0.808/0.177/7.400/0.976 ms 1085 pps 1947
[  1] 35.0000-36.0000 sec  1.50 MBytes  12.6 Mbits/sec   0.268 ms 0/1085 (0%) 0.407/0.204/6.189/0.486 ms 1085 pps 3862
[  1] 36.0000-37.0000 sec  1.50 MBytes  12.6 Mbits/sec   0.056 ms 0/1085 (0%) 0.431/0.246/4.050/0.386 ms 1085 pps 3650
[  1] 37.0000-38.0000 sec  1.50 MBytes  12.6 Mbits/sec   0.054 ms 0/1085 (0%) 0.410/0.206/5.837/0.515 ms 1085 pps 3833
[  1] 38.0000-39.0000 sec  1.50 MBytes  12.6 Mbits/sec   0.068 ms 0/1084 (0%) 0.348/0.223/4.089/0.309 ms 1085 pps 4515
[  1] 39.0000-40.0000 sec  1.50 MBytes  12.6 Mbits/sec   0.027 ms 0/1085 (0%) 0.396/0.206/5.407/0.479 ms 1085 pps 3973
[  1] 40.0000-41.0000 sec  1.50 MBytes  12.6 Mbits/sec   0.021 ms 0/1085 (0%) 0.375/0.185/3.844/0.351 ms 1085 pps 4192
[  1] 41.0000-42.0000 sec  1.50 MBytes  12.6 Mbits/sec   0.023 ms 0/1084 (0%) 0.362/0.189/3.352/0.308 ms 1085 pps 4340
[  1] 42.0000-43.0000 sec  1.50 MBytes  12.6 Mbits/sec   0.030 ms 0/1085 (0%) 0.330/0.225/3.826/0.278 ms 1085 pps 4772
[  1] 43.0000-44.0000 sec  1.50 MBytes  12.6 Mbits/sec   0.054 ms 0/1085 (0%) 0.405/0.231/4.595/0.408 ms 1085 pps 3881
[  1] 44.0000-45.0000 sec  1.50 MBytes  12.6 Mbits/sec   0.044 ms 0/1085 (0%) 0.534/0.226/7.581/0.883 ms 1085 pps 2948
[  1] 45.0000-46.0000 sec  1.50 MBytes  12.6 Mbits/sec   0.058 ms 0/1084 (0%) 0.388/0.211/4.346/0.393 ms 1085 pps 4056
[  1] 46.0000-47.0000 sec  1.50 MBytes  12.6 Mbits/sec   0.034 ms 0/1085 (0%) 0.409/0.193/4.919/0.450 ms 1084 pps 3849
[  1] 47.0000-48.0000 sec  1.50 MBytes  12.6 Mbits/sec   0.023 ms 0/1085 (0%) 0.348/0.218/3.256/0.271 ms 1085 pps 4519
[  1] 48.0000-49.0000 sec  1.50 MBytes  12.6 Mbits/sec   0.064 ms 0/1085 (0%) 0.342/0.201/4.291/0.309 ms 1085 pps 4597
[  1] 49.0000-50.0000 sec  1.50 MBytes  12.6 Mbits/sec   0.028 ms 0/1084 (0%) 0.328/0.201/2.919/0.206 ms 1084 pps 4792
[  1] 49.0000-50.0000 sec  1 datagrams received out-of-order
[  1] 50.0000-51.0000 sec  1.50 MBytes  12.6 Mbits/sec   0.025 ms 0/1085 (0%) 0.352/0.197/2.931/0.250 ms 1085 pps 4471
[  1] 51.0000-52.0000 sec  1.50 MBytes  12.6 Mbits/sec   0.034 ms 0/1085 (0%) 0.328/0.188/3.972/0.238 ms 1085 pps 4796
[  1] 52.0000-53.0000 sec  1.50 MBytes  12.6 Mbits/sec   0.036 ms 0/1085 (0%) 0.349/0.209/4.108/0.335 ms 1085 pps 4512
[  1] 53.0000-54.0000 sec  1.50 MBytes  12.6 Mbits/sec   0.070 ms 0/1084 (0%) 0.361/0.200/4.499/0.349 ms 1085 pps 4351
[  1] 54.0000-55.0000 sec  1.50 MBytes  12.6 Mbits/sec   0.100 ms 0/1085 (0%) 0.350/0.191/4.321/0.374 ms 1085 pps 4497
[  1] 55.0000-56.0000 sec  1.50 MBytes  12.6 Mbits/sec   0.142 ms 0/1085 (0%) 0.339/0.196/2.308/0.207 ms 1085 pps 4645
[  1] 56.0000-57.0000 sec  1.50 MBytes  12.6 Mbits/sec   0.034 ms 0/1084 (0%) 0.499/0.201/4.155/0.541 ms 1085 pps 3147
[  1] 57.0000-58.0000 sec  1.50 MBytes  12.6 Mbits/sec   0.049 ms 0/1085 (0%) 0.466/0.227/4.773/0.571 ms 1085 pps 3376
[  1] 58.0000-59.0000 sec  1.50 MBytes  12.6 Mbits/sec   0.029 ms 0/1085 (0%) 0.408/0.215/4.654/0.383 ms 1085 pps 3857
[  1] 59.0000-60.0000 sec  1.50 MBytes  12.6 Mbits/sec   0.033 ms 0/1085 (0%) 0.400/0.231/3.984/0.313 ms 1085 pps 3934
[  1] 60.0000-61.0000 sec  1.50 MBytes  12.6 Mbits/sec   0.124 ms 0/1085 (0%) 0.463/0.230/4.864/0.501 ms 1085 pps 3398
[  1] 61.0000-62.0000 sec  1.50 MBytes  12.6 Mbits/sec   0.063 ms 0/1084 (0%) 0.670/0.238/7.622/0.899 ms 1084 pps 2346
[  1] 62.0000-63.0000 sec  1.50 MBytes  12.6 Mbits/sec   0.248 ms 0/1085 (0%) 0.508/0.209/6.432/0.581 ms 1085 pps 3100
[  1] 63.0000-64.0000 sec  1.50 MBytes  12.6 Mbits/sec   0.062 ms 0/1084 (0%) 0.689/0.212/5.712/0.882 ms 1085 pps 2280
[  1] 64.0000-65.0000 sec  1.50 MBytes  12.6 Mbits/sec   0.093 ms 0/1085 (0%) 0.518/0.232/5.176/0.540 ms 1084 pps 3037
[  1] 65.0000-66.0000 sec  1.50 MBytes  12.6 Mbits/sec   0.169 ms 0/1085 (0%) 0.420/0.210/3.551/0.356 ms 1085 pps 3741
[  1] 66.0000-67.0000 sec  1.50 MBytes  12.6 Mbits/sec   0.049 ms 0/1085 (0%) 0.512/0.217/6.404/0.628 ms 1085 pps 3070
[  1] 67.0000-68.0000 sec  1.50 MBytes  12.6 Mbits/sec   0.030 ms 0/1084 (0%) 0.415/0.255/4.461/0.396 ms 1084 pps 3791
Waiting for server threads to complete. Interrupt again to force quit.
[  1] 0.0000-68.0558 sec   102 MBytes  12.6 Mbits/sec   0.286 ms 0/73826 (0%) 0.444/0.174/12.032/0.527 ms 1085 pps 3543
[  1] 0.0000-68.0558 sec  13 datagrams received out-of-order
