------------------------------------------------------------
Server listening on UDP port 6004 with pid 16353
Joining multicast group  ff38::4
Read buffer size: 1.44 KByte (Dist bin width= 183 Byte)
Server set to single client traffic mode (per multicast receive)
UDP buffer size:  208 KByte (default)
------------------------------------------------------------
[  1] local ff38::4%h1-eth0 port 6004 connected with 2001:db8::5 port 49386 (sock=3) (peer 2.1.5) on 2025-05-27 12:02:00 (CST)
[ ID] Interval            Transfer     Bandwidth        Jitter   Lost/Total  Latency avg/min/max/stdev PPS NetPwr
[  1] 0.0000-1.0000 sec  1.51 MBytes  12.6 Mbits/sec   0.184 ms 0/1090 (0%) 0.720/0.314/7.101/0.867 ms 1090 pps 2195
[  1] 1.0000-2.0000 sec  1.50 MBytes  12.6 Mbits/sec   0.039 ms 0/1084 (0%) 0.654/0.291/7.908/0.777 ms 1085 pps 2402
[  1] 1.0000-2.0000 sec  1 datagrams received out-of-order
[  1] 2.0000-3.0000 sec  1.50 MBytes  12.6 Mbits/sec   0.193 ms 0/1085 (0%) 0.671/0.291/6.882/0.633 ms 1084 pps 2344
[  1] 2.0000-3.0000 sec  1 datagrams received out-of-order
[  1] 3.0000-4.0000 sec  1.50 MBytes  12.6 Mbits/sec   0.092 ms 0/1084 (0%) 0.738/0.238/12.520/1.243 ms 1085 pps 2130
[  1] 3.0000-4.0000 sec  9 datagrams received out-of-order
[  1] 4.0000-5.0000 sec  1.50 MBytes  12.6 Mbits/sec   0.271 ms 0/1085 (0%) 0.441/0.222/3.563/0.402 ms 1085 pps 3571
[  1] 5.0000-6.0000 sec  1.50 MBytes  12.6 Mbits/sec   0.154 ms 0/1085 (0%) 0.414/0.199/3.190/0.313 ms 1085 pps 3797
[  1] 6.0000-7.0000 sec  1.50 MBytes  12.6 Mbits/sec   0.093 ms 0/1084 (0%) 0.605/0.236/5.486/0.680 ms 1084 pps 2598
[  1] 7.0000-8.0000 sec  1.50 MBytes  12.6 Mbits/sec   0.018 ms 0/1085 (0%) 0.425/0.217/4.974/0.395 ms 1085 pps 3699
[  1] 8.0000-9.0000 sec  1.50 MBytes  12.6 Mbits/sec   0.022 ms 0/1086 (0%) 0.458/0.232/4.630/0.466 ms 1085 pps 3437
[  1] 9.0000-10.0000 sec  1.50 MBytes  12.6 Mbits/sec   0.079 ms 0/1084 (0%) 0.514/0.219/5.650/0.589 ms 1084 pps 3058
[  1] 10.0000-11.0000 sec  1.50 MBytes  12.6 Mbits/sec   0.028 ms 0/1085 (0%) 0.374/0.211/4.555/0.351 ms 1085 pps 4210
[  1] 11.0000-12.0000 sec  1.50 MBytes  12.6 Mbits/sec   0.030 ms 0/1085 (0%) 0.444/0.228/7.334/0.535 ms 1085 pps 3546
[  1] 12.0000-13.0000 sec  1.50 MBytes  12.6 Mbits/sec   0.051 ms 0/1084 (0%) 0.450/0.224/6.601/0.570 ms 1085 pps 3496
[  1] 13.0000-14.0000 sec  1.50 MBytes  12.6 Mbits/sec   0.129 ms 0/1085 (0%) 0.379/0.233/5.730/0.330 ms 1085 pps 4155
[  1] 14.0000-15.0000 sec  1.50 MBytes  12.6 Mbits/sec   0.065 ms 0/1085 (0%) 0.511/0.213/7.550/0.649 ms 1085 pps 3076
[  1] 15.0000-16.0000 sec  1.50 MBytes  12.6 Mbits/sec   0.033 ms 0/1084 (0%) 0.364/0.201/5.035/0.363 ms 1084 pps 4317
[  1] 16.0000-17.0000 sec  1.50 MBytes  12.6 Mbits/sec   0.203 ms 0/1085 (0%) 0.461/0.236/4.836/0.469 ms 1085 pps 3416
[  1] 17.0000-18.0000 sec  1.50 MBytes  12.6 Mbits/sec   0.092 ms 0/1085 (0%) 0.454/0.229/3.770/0.403 ms 1085 pps 3465
[  1] 18.0000-19.0000 sec  1.50 MBytes  12.6 Mbits/sec   0.028 ms 0/1084 (0%) 0.529/0.206/7.429/0.735 ms 1085 pps 2972
[  1] 18.0000-19.0000 sec  1 datagrams received out-of-order
[  1] 19.0000-20.0000 sec  1.50 MBytes  12.6 Mbits/sec   0.049 ms 0/1085 (0%) 0.385/0.222/5.488/0.384 ms 1085 pps 4089
[  1] 19.0000-20.0000 sec  1 datagrams received out-of-order
[  1] 20.0000-21.0000 sec  1.50 MBytes  12.6 Mbits/sec   0.058 ms 0/1085 (0%) 0.364/0.243/3.267/0.227 ms 1085 pps 4321
[  1] 21.0000-22.0000 sec  1.50 MBytes  12.6 Mbits/sec   0.045 ms 0/1085 (0%) 0.368/0.187/3.593/0.285 ms 1084 pps 4275
[  1] 22.0000-23.0000 sec  1.50 MBytes  12.6 Mbits/sec   0.140 ms 0/1085 (0%) 0.505/0.222/3.935/0.398 ms 1085 pps 3116
[  1] 23.0000-24.0000 sec  1.50 MBytes  12.6 Mbits/sec   0.152 ms 0/1085 (0%) 0.394/0.211/3.580/0.307 ms 1085 pps 3989
[  1] 24.0000-25.0000 sec  1.50 MBytes  12.6 Mbits/sec   0.069 ms 0/1084 (0%) 0.402/0.242/3.845/0.356 ms 1084 pps 3909
[  1] 25.0000-26.0000 sec  1.50 MBytes  12.6 Mbits/sec   0.111 ms 0/1085 (0%) 0.423/0.219/4.934/0.438 ms 1085 pps 3722
[  1] 26.0000-27.0000 sec  1.50 MBytes  12.6 Mbits/sec   0.023 ms 0/1085 (0%) 0.432/0.213/4.670/0.417 ms 1085 pps 3642
[  1] 27.0000-28.0000 sec  1.50 MBytes  12.6 Mbits/sec   0.059 ms 0/1084 (0%) 0.456/0.204/5.497/0.590 ms 1085 pps 3445
[  1] 28.0000-29.0000 sec  1.50 MBytes  12.6 Mbits/sec   0.112 ms 0/1085 (0%) 0.421/0.222/3.602/0.297 ms 1085 pps 3739
[  1] 29.0000-30.0000 sec  1.50 MBytes  12.6 Mbits/sec   0.044 ms 0/1085 (0%) 0.489/0.223/6.901/0.576 ms 1085 pps 3216
[  1] 30.0000-31.0000 sec  1.50 MBytes  12.6 Mbits/sec   0.049 ms 0/1084 (0%) 0.571/0.217/7.915/0.892 ms 1084 pps 2755
[  1] 31.0000-32.0000 sec  1.50 MBytes  12.6 Mbits/sec   0.036 ms 0/1085 (0%) 0.432/0.220/5.808/0.466 ms 1085 pps 3641
[  1] 32.0000-33.0000 sec  1.50 MBytes  12.6 Mbits/sec   0.052 ms 0/1085 (0%) 0.363/0.215/2.891/0.222 ms 1084 pps 4333
[  1] 33.0000-34.0000 sec  1.50 MBytes  12.6 Mbits/sec   0.398 ms 0/1085 (0%) 0.586/0.225/4.251/0.581 ms 1085 pps 2686
[  1] 34.0000-35.0000 sec  1.50 MBytes  12.6 Mbits/sec   0.133 ms 0/1085 (0%) 0.824/0.211/7.419/0.978 ms 1085 pps 1909
[  1] 35.0000-36.0000 sec  1.50 MBytes  12.6 Mbits/sec   0.269 ms 0/1084 (0%) 0.421/0.225/6.211/0.487 ms 1085 pps 3734
[  1] 36.0000-37.0000 sec  1.50 MBytes  12.6 Mbits/sec   0.058 ms 0/1085 (0%) 0.445/0.251/4.060/0.387 ms 1085 pps 3537
[  1] 37.0000-38.0000 sec  1.50 MBytes  12.6 Mbits/sec   0.053 ms 0/1085 (0%) 0.424/0.218/5.846/0.519 ms 1085 pps 3708
[  1] 38.0000-39.0000 sec  1.50 MBytes  12.6 Mbits/sec   0.068 ms 0/1084 (0%) 0.362/0.232/4.171/0.311 ms 1085 pps 4347
[  1] 39.0000-40.0000 sec  1.50 MBytes  12.6 Mbits/sec   0.028 ms 0/1085 (0%) 0.409/0.220/5.423/0.480 ms 1085 pps 3850
[  1] 40.0000-41.0000 sec  1.50 MBytes  12.6 Mbits/sec   0.021 ms 0/1085 (0%) 0.387/0.206/3.859/0.352 ms 1085 pps 4063
[  1] 41.0000-42.0000 sec  1.50 MBytes  12.6 Mbits/sec   0.024 ms 0/1084 (0%) 0.373/0.199/3.370/0.309 ms 1085 pps 4209
[  1] 42.0000-43.0000 sec  1.50 MBytes  12.6 Mbits/sec   0.033 ms 0/1085 (0%) 0.342/0.235/3.959/0.281 ms 1085 pps 4600
[  1] 43.0000-44.0000 sec  1.50 MBytes  12.6 Mbits/sec   0.058 ms 0/1085 (0%) 0.418/0.238/4.608/0.409 ms 1085 pps 3761
[  1] 44.0000-45.0000 sec  1.50 MBytes  12.6 Mbits/sec   0.044 ms 0/1085 (0%) 0.546/0.232/7.596/0.883 ms 1085 pps 2881
[  1] 45.0000-46.0000 sec  1.50 MBytes  12.6 Mbits/sec   0.058 ms 0/1084 (0%) 0.398/0.219/4.360/0.393 ms 1085 pps 3945
[  1] 46.0000-47.0000 sec  1.50 MBytes  12.6 Mbits/sec   0.037 ms 0/1085 (0%) 0.422/0.207/4.927/0.451 ms 1084 pps 3728
[  1] 47.0000-48.0000 sec  1.50 MBytes  12.6 Mbits/sec   0.023 ms 0/1085 (0%) 0.359/0.223/3.271/0.272 ms 1085 pps 4388
[  1] 48.0000-49.0000 sec  1.50 MBytes  12.6 Mbits/sec   0.065 ms 0/1085 (0%) 0.354/0.206/4.300/0.313 ms 1085 pps 4445
[  1] 49.0000-50.0000 sec  1.50 MBytes  12.6 Mbits/sec   0.029 ms 0/1085 (0%) 0.339/0.206/2.927/0.206 ms 1085 pps 4634
[  1] 49.0000-50.0000 sec  1 datagrams received out-of-order
[  1] 50.0000-51.0000 sec  1.50 MBytes  12.6 Mbits/sec   0.025 ms 0/1084 (0%) 0.363/0.219/2.943/0.251 ms 1085 pps 4329
[  1] 51.0000-52.0000 sec  1.50 MBytes  12.6 Mbits/sec   0.033 ms 0/1085 (0%) 0.337/0.194/3.983/0.239 ms 1085 pps 4672
[  1] 52.0000-53.0000 sec  1.50 MBytes  12.6 Mbits/sec   0.036 ms 0/1085 (0%) 0.358/0.215/4.116/0.335 ms 1085 pps 4394
[  1] 53.0000-54.0000 sec  1.50 MBytes  12.6 Mbits/sec   0.069 ms 0/1084 (0%) 0.374/0.208/4.513/0.350 ms 1085 pps 4197
[  1] 54.0000-55.0000 sec  1.50 MBytes  12.6 Mbits/sec   0.109 ms 0/1085 (0%) 0.360/0.196/4.335/0.380 ms 1085 pps 4370
[  1] 55.0000-56.0000 sec  1.50 MBytes  12.6 Mbits/sec   0.142 ms 0/1085 (0%) 0.351/0.203/2.325/0.208 ms 1085 pps 4478
[  1] 56.0000-57.0000 sec  1.50 MBytes  12.6 Mbits/sec   0.035 ms 0/1085 (0%) 0.514/0.216/4.178/0.542 ms 1085 pps 3061
[  1] 57.0000-58.0000 sec  1.50 MBytes  12.6 Mbits/sec   0.048 ms 0/1084 (0%) 0.480/0.240/4.780/0.572 ms 1085 pps 3273
[  1] 58.0000-59.0000 sec  1.50 MBytes  12.6 Mbits/sec   0.029 ms 0/1085 (0%) 0.422/0.228/4.662/0.383 ms 1085 pps 3732
[  1] 59.0000-60.0000 sec  1.50 MBytes  12.6 Mbits/sec   0.032 ms 0/1085 (0%) 0.414/0.244/4.000/0.314 ms 1085 pps 3796
[  1] 60.0000-61.0000 sec  1.50 MBytes  12.6 Mbits/sec   0.126 ms 0/1085 (0%) 0.477/0.239/4.886/0.503 ms 1085 pps 3296
[  1] 61.0000-62.0000 sec  1.50 MBytes  12.6 Mbits/sec   0.064 ms 0/1084 (0%) 0.685/0.243/7.633/0.900 ms 1084 pps 2296
[  1] 62.0000-63.0000 sec  1.50 MBytes  12.6 Mbits/sec   0.248 ms 0/1085 (0%) 0.521/0.222/6.458/0.582 ms 1085 pps 3019
[  1] 63.0000-64.0000 sec  1.50 MBytes  12.6 Mbits/sec   0.067 ms 0/1085 (0%) 0.705/0.225/5.728/0.885 ms 1085 pps 2231
[  1] 64.0000-65.0000 sec  1.50 MBytes  12.6 Mbits/sec   0.096 ms 0/1084 (0%) 0.534/0.238/5.216/0.542 ms 1085 pps 2944
[  1] 65.0000-66.0000 sec  1.50 MBytes  12.6 Mbits/sec   0.168 ms 0/1085 (0%) 0.435/0.224/3.567/0.357 ms 1085 pps 3619
[  1] 66.0000-67.0000 sec  1.50 MBytes  12.6 Mbits/sec   0.050 ms 0/1085 (0%) 0.528/0.227/6.433/0.633 ms 1085 pps 2979
[  1] 67.0000-68.0000 sec  1.50 MBytes  12.6 Mbits/sec   0.031 ms 0/1085 (0%) 0.428/0.267/4.488/0.396 ms 1084 pps 3676
Waiting for server threads to complete. Interrupt again to force quit.
[  1] 0.0000-68.0556 sec   102 MBytes  12.6 Mbits/sec   0.286 ms 0/73826 (0%) 0.461/0.187/12.520/0.534 ms 1085 pps 3415
[  1] 0.0000-68.0556 sec  14 datagrams received out-of-order
