------------------------------------------------------------
Server listening on UDP port 6004 with pid 37241
Joining multicast group  ff38::4
Read buffer size: 1.44 KByte (Dist bin width= 183 Byte)
Server set to single client traffic mode (per multicast receive)
UDP buffer size:  208 KByte (default)
------------------------------------------------------------
[  1] local ff38::4%h4-eth0 port 6004 connected with 2001:db8::1 port 53574 (sock=3) (peer 2.1.5) on 2025-06-02 17:01:03 (CST)
[ ID] Interval            Transfer     Bandwidth        Jitter   Lost/Total  Latency avg/min/max/stdev PPS NetPwr
[  1] 0.0000-1.0000 sec   980 KBytes  8.03 Mbits/sec   4.001 ms 0/692 (0%) 40.542/2.016/81.832/19.740 ms 695 pps 25
[  1] 0.0000-1.0000 sec  231 datagrams received out-of-order
[  1] 1.0000-2.0000 sec  1.00 MBytes  8.41 Mbits/sec   2.770 ms 1/726 (0.14%) 44.656/32.290/59.150/4.703 ms 722 pps 24
[  1] 1.0000-2.0000 sec  336 datagrams received out-of-order
[  1] 2.0000-3.0000 sec  1022 KBytes  8.38 Mbits/sec   4.723 ms 0/722 (0%) 44.899/31.996/57.768/4.815 ms 722 pps 23
[  1] 2.0000-3.0000 sec  330 datagrams received out-of-order
[  1] 3.0000-4.0000 sec  1021 KBytes  8.36 Mbits/sec   4.168 ms 6/727 (0.83%) 44.961/31.950/60.247/4.901 ms 721 pps 23
[  1] 3.0000-4.0000 sec  342 datagrams received out-of-order
[  1] 4.0000-5.0000 sec  1.00 MBytes  8.41 Mbits/sec   3.721 ms 0/719 (0%) 44.858/31.840/59.462/5.451 ms 726 pps 23
[  1] 4.0000-5.0000 sec  339 datagrams received out-of-order
[  1] 5.0000-6.0000 sec  1.00 MBytes  8.42 Mbits/sec   2.890 ms 0/726 (0%) 45.195/32.995/61.829/4.798 ms 725 pps 23
[  1] 5.0000-6.0000 sec  327 datagrams received out-of-order
[  1] 6.0000-7.0000 sec  1020 KBytes  8.35 Mbits/sec   5.774 ms 5/725 (0.69%) 45.184/33.076/60.350/5.293 ms 720 pps 23
[  1] 6.0000-7.0000 sec  347 datagrams received out-of-order
[  1] 7.0000-8.0000 sec  1.00 MBytes  8.40 Mbits/sec   1.982 ms 0/719 (0%) 44.252/31.427/58.779/4.824 ms 724 pps 24
[  1] 7.0000-8.0000 sec  334 datagrams received out-of-order
[  1] 8.0000-9.0000 sec  1020 KBytes  8.35 Mbits/sec   4.115 ms 6/726 (0.83%) 45.459/29.132/69.539/5.955 ms 720 pps 23
[  1] 8.0000-9.0000 sec  366 datagrams received out-of-order
[  1] 9.0000-10.0000 sec  1.01 MBytes  8.43 Mbits/sec   6.936 ms 0/723 (0%) 44.801/32.296/57.499/5.009 ms 727 pps 24
[  1] 9.0000-10.0000 sec  354 datagrams received out-of-order
[  1] 10.0000-11.0000 sec  1017 KBytes  8.33 Mbits/sec   4.079 ms 0/716 (0%) 45.988/32.071/67.093/6.069 ms 718 pps 23
[  1] 10.0000-11.0000 sec  404 datagrams received out-of-order
[  1] 11.0000-12.0000 sec  1.01 MBytes  8.46 Mbits/sec   5.467 ms 0/729 (0%) 44.962/31.763/60.656/5.158 ms 731 pps 24
[  1] 11.0000-12.0000 sec  346 datagrams received out-of-order
[  1] 12.0000-13.0000 sec  1020 KBytes  8.35 Mbits/sec   3.537 ms 0/720 (0%) 45.148/33.367/61.474/5.238 ms 725 pps 23
[  1] 12.0000-13.0000 sec  347 datagrams received out-of-order
[  1] 13.0000-14.0000 sec  1014 KBytes  8.31 Mbits/sec   2.892 ms 0/716 (0%) 45.482/30.610/61.034/5.318 ms 717 pps 23
[  1] 13.0000-14.0000 sec  370 datagrams received out-of-order
[  1] 14.0000-15.0000 sec  1.01 MBytes  8.50 Mbits/sec   3.127 ms 2/735 (0.27%) 45.109/31.506/61.034/4.906 ms 725 pps 24
[  1] 14.0000-15.0000 sec  352 datagrams received out-of-order
[  1] 15.0000-16.0000 sec  1021 KBytes  8.36 Mbits/sec   4.763 ms 3/724 (0.41%) 45.265/32.904/62.173/5.256 ms 721 pps 23
[  1] 15.0000-16.0000 sec  312 datagrams received out-of-order
[  1] 16.0000-17.0000 sec  1.01 MBytes  8.43 Mbits/sec   2.448 ms 0/722 (0%) 44.994/33.546/60.950/5.371 ms 727 pps 23
[  1] 16.0000-17.0000 sec  358 datagrams received out-of-order
[  1] 17.0000-18.0000 sec  1022 KBytes  8.38 Mbits/sec   4.302 ms 5/727 (0.69%) 44.651/32.731/62.587/5.071 ms 723 pps 23
[  1] 17.0000-18.0000 sec  389 datagrams received out-of-order
[  1] 18.0000-19.0000 sec  1020 KBytes  8.35 Mbits/sec   3.142 ms 0/715 (0%) 45.472/33.289/64.632/5.275 ms 721 pps 23
[  1] 18.0000-19.0000 sec  370 datagrams received out-of-order
[  1] 19.0000-20.0000 sec  1.01 MBytes  8.44 Mbits/sec   4.479 ms 3/731 (0.41%) 44.176/32.585/56.974/4.639 ms 726 pps 24
[  1] 19.0000-20.0000 sec  327 datagrams received out-of-order
[  1] 20.0000-21.0000 sec  1015 KBytes  8.32 Mbits/sec   3.099 ms 0/714 (0%) 44.770/31.845/58.329/5.158 ms 726 pps 23
[  1] 20.0000-21.0000 sec  378 datagrams received out-of-order
[  1] 21.0000-22.0000 sec  1.00 MBytes  8.42 Mbits/sec   2.351 ms 2/728 (0.27%) 44.415/33.190/62.976/4.909 ms 718 pps 24
[  1] 21.0000-22.0000 sec  330 datagrams received out-of-order
[  1] 22.0000-23.0000 sec  1024 KBytes  8.39 Mbits/sec   4.487 ms 1/724 (0.14%) 45.481/31.677/60.435/5.252 ms 724 pps 23
[  1] 22.0000-23.0000 sec  350 datagrams received out-of-order
[  1] 23.0000-24.0000 sec  1.00 MBytes  8.40 Mbits/sec   6.174 ms 0/723 (0%) 44.656/31.996/57.858/4.844 ms 723 pps 24
[  1] 23.0000-24.0000 sec  342 datagrams received out-of-order
[  1] 24.0000-25.0000 sec  1024 KBytes  8.39 Mbits/sec   4.104 ms 2/725 (0.28%) 45.420/33.009/63.123/5.395 ms 723 pps 23
[  1] 24.0000-25.0000 sec  346 datagrams received out-of-order
[  1] 25.0000-26.0000 sec  1.00 MBytes  8.42 Mbits/sec   2.785 ms 0/723 (0%) 46.508/30.105/68.747/6.675 ms 726 pps 23
[  1] 25.0000-26.0000 sec  347 datagrams received out-of-order
[  1] 26.0000-27.0000 sec  1012 KBytes  8.29 Mbits/sec   5.970 ms 0/714 (0%) 45.555/33.038/61.710/6.060 ms 719 pps 23
[  1] 26.0000-27.0000 sec  389 datagrams received out-of-order
[  1] 27.0000-28.0000 sec  1.00 MBytes  8.42 Mbits/sec   2.943 ms 3/729 (0.41%) 45.824/33.153/61.322/5.079 ms 725 pps 23
[  1] 27.0000-28.0000 sec  331 datagrams received out-of-order
[  1] 28.0000-29.0000 sec  1.00 MBytes  8.42 Mbits/sec   6.500 ms 1/727 (0.14%) 45.891/33.153/61.461/5.501 ms 723 pps 23
[  1] 28.0000-29.0000 sec  361 datagrams received out-of-order
[  1] 29.0000-30.0000 sec  1022 KBytes  8.38 Mbits/sec   3.967 ms 0/719 (0%) 44.212/33.240/58.893/4.478 ms 723 pps 24
[  1] 29.0000-30.0000 sec  295 datagrams received out-of-order
[  1] 30.0000-31.0000 sec  1.00 MBytes  8.40 Mbits/sec   4.059 ms 1/725 (0.14%) 45.144/33.067/60.438/4.993 ms 723 pps 23
[  1] 30.0000-31.0000 sec  352 datagrams received out-of-order
[  1] 31.0000-32.0000 sec  1024 KBytes  8.39 Mbits/sec   2.921 ms 0/721 (0%) 44.548/32.102/61.792/5.133 ms 725 pps 24
[  1] 31.0000-32.0000 sec  386 datagrams received out-of-order
[  1] 32.0000-33.0000 sec  1014 KBytes  8.31 Mbits/sec   3.304 ms 0/716 (0%) 45.239/32.056/63.431/5.489 ms 721 pps 23
[  1] 32.0000-33.0000 sec  355 datagrams received out-of-order
[  1] 33.0000-34.0000 sec  1.01 MBytes  8.47 Mbits/sec   5.104 ms 1/731 (0.14%) 46.686/32.458/64.927/5.683 ms 724 pps 23
[  1] 33.0000-34.0000 sec  319 datagrams received out-of-order
[  1] 34.0000-35.0000 sec  1022 KBytes  8.38 Mbits/sec   5.045 ms 1/723 (0.14%) 46.821/32.145/70.151/6.324 ms 722 pps 22
[  1] 34.0000-35.0000 sec  375 datagrams received out-of-order
[  1] 35.0000-36.0000 sec  1.00 MBytes  8.40 Mbits/sec   2.328 ms 0/722 (0%) 45.529/31.860/61.905/5.367 ms 725 pps 23
[  1] 35.0000-36.0000 sec  349 datagrams received out-of-order
[  1] 36.0000-37.0000 sec  1024 KBytes  8.39 Mbits/sec   3.689 ms 0/723 (0%) 45.059/32.166/59.013/5.264 ms 722 pps 23
[  1] 36.0000-37.0000 sec  344 datagrams received out-of-order
[  1] 37.0000-38.0000 sec  1.00 MBytes  8.41 Mbits/sec   3.050 ms 0/725 (0%) 44.689/33.919/61.461/4.649 ms 724 pps 24
[  1] 37.0000-38.0000 sec  295 datagrams received out-of-order
[  1] 38.0000-39.0000 sec  1021 KBytes  8.36 Mbits/sec   4.176 ms 1/722 (0.14%) 46.681/32.593/60.297/5.663 ms 722 pps 22
[  1] 38.0000-39.0000 sec  354 datagrams received out-of-order
[  1] 39.0000-40.0000 sec  1021 KBytes  8.36 Mbits/sec   3.996 ms 0/720 (0%) 45.449/31.598/61.367/5.354 ms 722 pps 23
[  1] 39.0000-40.0000 sec  338 datagrams received out-of-order
[  1] 40.0000-41.0000 sec  1024 KBytes  8.39 Mbits/sec   2.978 ms 3/726 (0.41%) 45.319/32.930/68.340/6.004 ms 721 pps 23
[  1] 40.0000-41.0000 sec  346 datagrams received out-of-order
[  1] 41.0000-42.0000 sec  1.01 MBytes  8.43 Mbits/sec   5.113 ms 0/726 (0%) 45.439/33.272/59.807/5.122 ms 726 pps 23
[  1] 41.0000-42.0000 sec  322 datagrams received out-of-order
[  1] 42.0000-43.0000 sec  1.00 MBytes  8.42 Mbits/sec   5.141 ms 3/729 (0.41%) 44.830/32.127/59.242/5.138 ms 727 pps 23
[  1] 42.0000-43.0000 sec  338 datagrams received out-of-order
[  1] 43.0000-44.0000 sec  1022 KBytes  8.38 Mbits/sec   2.510 ms 0/717 (0%) 45.080/33.148/61.735/5.217 ms 721 pps 23
[  1] 43.0000-44.0000 sec  330 datagrams received out-of-order
[  1] 44.0000-45.0000 sec  1.00 MBytes  8.41 Mbits/sec   2.938 ms 0/725 (0%) 44.906/33.011/64.838/5.052 ms 725 pps 23
[  1] 44.0000-45.0000 sec  351 datagrams received out-of-order
[  1] 45.0000-46.0000 sec  1020 KBytes  8.35 Mbits/sec   3.453 ms 1/721 (0.14%) 46.349/31.337/64.392/6.276 ms 721 pps 23
[  1] 45.0000-46.0000 sec  386 datagrams received out-of-order
[  1] 46.0000-47.0000 sec  1022 KBytes  8.38 Mbits/sec   2.930 ms 2/724 (0.28%) 46.216/32.627/64.537/5.886 ms 721 pps 23
[  1] 46.0000-47.0000 sec  385 datagrams received out-of-order
[  1] 47.0000-48.0000 sec  1021 KBytes  8.36 Mbits/sec   4.569 ms 1/722 (0.14%) 44.513/32.634/60.114/5.076 ms 721 pps 23
[  1] 47.0000-48.0000 sec  338 datagrams received out-of-order
[  1] 48.0000-49.0000 sec  1024 KBytes  8.39 Mbits/sec   2.141 ms 0/719 (0%) 44.396/32.103/59.071/4.978 ms 723 pps 24
[  1] 48.0000-49.0000 sec  350 datagrams received out-of-order
[  1] 49.0000-50.0000 sec  1022 KBytes  8.38 Mbits/sec   3.150 ms 6/728 (0.82%) 44.615/33.616/59.148/4.508 ms 721 pps 23
[  1] 49.0000-50.0000 sec  334 datagrams received out-of-order
[  1] 50.0000-51.0000 sec  1021 KBytes  8.36 Mbits/sec  11.958 ms 5/726 (0.69%) 47.460/32.174/67.259/7.192 ms 721 pps 22
[  1] 50.0000-51.0000 sec  373 datagrams received out-of-order
[  1] 51.0000-52.0000 sec  1.01 MBytes  8.44 Mbits/sec   5.312 ms 0/719 (0%) 47.054/32.103/66.793/6.713 ms 730 pps 22
[  1] 51.0000-52.0000 sec  376 datagrams received out-of-order
[  1] 52.0000-53.0000 sec  1.01 MBytes  8.43 Mbits/sec   3.517 ms 0/727 (0%) 45.255/32.567/63.319/5.225 ms 725 pps 23
[  1] 52.0000-53.0000 sec  307 datagrams received out-of-order
[  1] 53.0000-54.0000 sec  1022 KBytes  8.38 Mbits/sec   1.070 ms 0/720 (0%) 47.138/33.460/63.262/6.029 ms 723 pps 22
[  1] 53.0000-54.0000 sec  353 datagrams received out-of-order
[  1] 54.0000-55.0000 sec  1021 KBytes  8.36 Mbits/sec   2.567 ms 0/721 (0%) 45.046/32.997/59.576/4.571 ms 720 pps 23
[  1] 54.0000-55.0000 sec  346 datagrams received out-of-order
[  1] 55.0000-56.0000 sec  1024 KBytes  8.39 Mbits/sec   4.058 ms 1/724 (0.14%) 45.898/31.146/60.883/5.514 ms 723 pps 23
[  1] 55.0000-56.0000 sec  350 datagrams received out-of-order
[  1] 56.0000-57.0000 sec  1022 KBytes  8.38 Mbits/sec   4.163 ms 1/723 (0.14%) 45.338/32.404/60.028/4.767 ms 722 pps 23
[  1] 56.0000-57.0000 sec  323 datagrams received out-of-order
[  1] 57.0000-58.0000 sec  1.01 MBytes  8.43 Mbits/sec   5.101 ms 0/725 (0%) 46.378/32.100/68.249/6.157 ms 727 pps 23
[  1] 57.0000-58.0000 sec  388 datagrams received out-of-order
[  1] 58.0000-59.0000 sec  1021 KBytes  8.36 Mbits/sec   5.919 ms 2/723 (0.28%) 46.576/32.952/63.703/5.820 ms 722 pps 22
[  1] 58.0000-59.0000 sec  354 datagrams received out-of-order
[  1] 59.0000-60.0000 sec  1024 KBytes  8.39 Mbits/sec   2.850 ms 0/721 (0%) 45.867/31.049/61.765/5.313 ms 723 pps 23
[  1] 59.0000-60.0000 sec  344 datagrams received out-of-order
[  1] 60.0000-61.0000 sec  1.01 MBytes  8.43 Mbits/sec   2.817 ms 2/729 (0.27%) 45.546/32.125/59.240/5.326 ms 726 pps 23
[  1] 60.0000-61.0000 sec  337 datagrams received out-of-order
[  1] 61.0000-62.0000 sec  1021 KBytes  8.36 Mbits/sec   2.755 ms 0/719 (0%) 45.593/31.889/66.366/5.607 ms 723 pps 23
[  1] 61.0000-62.0000 sec  339 datagrams received out-of-order
[  1] 62.0000-63.0000 sec  1014 KBytes  8.31 Mbits/sec   6.674 ms 0/716 (0%) 45.539/33.131/60.613/5.524 ms 724 pps 23
[  1] 62.0000-63.0000 sec  376 datagrams received out-of-order
[  1] 63.0000-64.0000 sec  1.00 MBytes  8.40 Mbits/sec   3.776 ms 0/724 (0%) 45.744/33.166/61.254/5.097 ms 715 pps 23
[  1] 63.0000-64.0000 sec  333 datagrams received out-of-order
[  1] 64.0000-65.0000 sec  1.01 MBytes  8.43 Mbits/sec   3.349 ms 1/728 (0.14%) 44.983/32.137/64.314/5.638 ms 727 pps 23
[  1] 64.0000-65.0000 sec  347 datagrams received out-of-order
[  1] 65.0000-66.0000 sec  1.03 MBytes  8.62 Mbits/sec  30.099 ms 11/754 (1.5%) 40.346/0.425/64.562/14.248 ms 743 pps 27
[  1] 65.0000-66.0000 sec  366 datagrams received out-of-order
[  1] 66.0000-67.0000 sec  1014 KBytes  8.31 Mbits/sec  22.915 ms 6/722 (0.83%) 28.926/0.349/55.107/21.024 ms 715 pps 36
[  1] 66.0000-67.0000 sec  465 datagrams received out-of-order
[  1] 67.0000-68.0000 sec  1.03 MBytes  8.63 Mbits/sec   0.632 ms 0/726 (0%) 18.856/0.231/50.022/20.976 ms 744 pps 57
[  1] 67.0000-68.0000 sec  333 datagrams received out-of-order
[  1] 68.0000-69.0000 sec  1024 KBytes  8.39 Mbits/sec   0.320 ms 0/723 (0%) 0.628/0.238/6.403/0.629 ms 723 pps 1670
[  1] 68.0000-69.0000 sec  5 datagrams received out-of-order
Waiting for server threads to complete. Interrupt again to force quit.
[  1] 0.0000-69.0470 sec  69.1 MBytes  8.39 Mbits/sec   0.287 ms 1/49935 (0.002%) 43.940/0.231/81.832/9.594 ms 723 pps 24
[  1] 0.0000-69.0470 sec  23712 datagrams received out-of-order
