------------------------------------------------------------
Server listening on UDP port 6004 with pid 37299
Joining multicast group  ff38::4
Read buffer size: 1.44 KByte (Dist bin width= 183 Byte)
Server set to single client traffic mode (per multicast receive)
UDP buffer size:  208 KByte (default)
------------------------------------------------------------
[  1] local ff38::4%h7-eth0 port 6004 connected with 2001:db8::1 port 53574 (sock=3) (peer 2.1.5) on 2025-06-02 17:01:03 (CST)
[ ID] Interval            Transfer     Bandwidth        Jitter   Lost/Total  Latency avg/min/max/stdev PPS NetPwr
[  1] 0.0000-1.0000 sec  1018 KBytes  8.34 Mbits/sec   0.636 ms 0/719 (0%) 2.015/0.355/15.537/2.722 ms 727 pps 517
[  1] 1.0000-2.0000 sec  1024 KBytes  8.39 Mbits/sec   0.530 ms 1/724 (0.14%) 4.072/0.347/15.446/3.934 ms 722 pps 257
[  1] 1.0000-2.0000 sec  1 datagrams received out-of-order
[  1] 2.0000-3.0000 sec  1.00 MBytes  8.41 Mbits/sec   1.038 ms 0/725 (0%) 3.815/0.261/15.098/3.744 ms 719 pps 276
[  1] 2.0000-3.0000 sec  5 datagrams received out-of-order
[  1] 3.0000-4.0000 sec  1.00 MBytes  8.41 Mbits/sec   0.987 ms 0/725 (0%) 4.032/0.271/20.799/4.064 ms 725 pps 261
[  1] 4.0000-5.0000 sec  1.00 MBytes  8.41 Mbits/sec   0.841 ms 0/725 (0%) 4.153/0.244/19.281/4.230 ms 726 pps 253
[  1] 5.0000-6.0000 sec  1.00 MBytes  8.40 Mbits/sec   0.749 ms 0/724 (0%) 4.309/0.268/19.106/4.122 ms 723 pps 244
[  1] 5.0000-6.0000 sec  2 datagrams received out-of-order
[  1] 6.0000-7.0000 sec  1024 KBytes  8.39 Mbits/sec   0.782 ms 0/723 (0%) 4.007/0.263/15.608/3.928 ms 723 pps 262
[  1] 6.0000-7.0000 sec  1 datagrams received out-of-order
[  1] 7.0000-8.0000 sec  1024 KBytes  8.39 Mbits/sec   0.989 ms 0/723 (0%) 3.769/0.242/15.092/3.784 ms 723 pps 278
[  1] 7.0000-8.0000 sec  6 datagrams received out-of-order
[  1] 8.0000-9.0000 sec  1024 KBytes  8.39 Mbits/sec   0.692 ms 0/723 (0%) 4.017/0.198/16.527/3.959 ms 723 pps 261
[  1] 8.0000-9.0000 sec  6 datagrams received out-of-order
[  1] 9.0000-10.0000 sec  1024 KBytes  8.39 Mbits/sec   0.650 ms 0/723 (0%) 3.848/0.195/16.664/3.926 ms 723 pps 272
[  1] 9.0000-10.0000 sec  11 datagrams received out-of-order
[  1] 10.0000-11.0000 sec  1004 KBytes  8.22 Mbits/sec   0.556 ms 0/709 (0%) 4.380/0.199/17.046/4.181 ms 723 pps 235
[  1] 10.0000-11.0000 sec  15 datagrams received out-of-order
[  1] 11.0000-12.0000 sec  1.01 MBytes  8.48 Mbits/sec   0.578 ms 0/731 (0%) 4.456/0.220/20.305/4.285 ms 723 pps 238
[  1] 11.0000-12.0000 sec  14 datagrams received out-of-order
[  1] 12.0000-13.0000 sec  1022 KBytes  8.38 Mbits/sec   1.190 ms 0/722 (0%) 4.290/0.243/18.810/4.154 ms 715 pps 244
[  1] 12.0000-13.0000 sec  15 datagrams received out-of-order
[  1] 13.0000-14.0000 sec  1.01 MBytes  8.44 Mbits/sec   1.340 ms 0/728 (0%) 4.980/0.240/22.705/4.756 ms 728 pps 212
[  1] 13.0000-14.0000 sec  3 datagrams received out-of-order
[  1] 14.0000-15.0000 sec  1.00 MBytes  8.42 Mbits/sec   1.045 ms 0/726 (0%) 4.257/0.223/18.383/4.160 ms 726 pps 247
[  1] 14.0000-15.0000 sec  12 datagrams received out-of-order
[  1] 15.0000-16.0000 sec  1024 KBytes  8.39 Mbits/sec   0.942 ms 0/723 (0%) 4.686/0.240/19.563/4.443 ms 724 pps 224
[  1] 15.0000-16.0000 sec  17 datagrams received out-of-order
[  1] 16.0000-17.0000 sec  1024 KBytes  8.39 Mbits/sec   0.798 ms 0/723 (0%) 3.898/0.228/16.386/3.920 ms 723 pps 269
[  1] 16.0000-17.0000 sec  7 datagrams received out-of-order
[  1] 17.0000-18.0000 sec  1021 KBytes  8.36 Mbits/sec   0.549 ms 0/721 (0%) 3.556/0.190/14.229/3.668 ms 723 pps 294
[  1] 17.0000-18.0000 sec  2 datagrams received out-of-order
[  1] 18.0000-19.0000 sec  1020 KBytes  8.35 Mbits/sec   1.079 ms 0/720 (0%) 4.369/0.204/17.523/4.222 ms 717 pps 239
[  1] 18.0000-19.0000 sec  14 datagrams received out-of-order
[  1] 19.0000-20.0000 sec  1.01 MBytes  8.46 Mbits/sec   0.422 ms 0/729 (0%) 3.784/0.251/19.848/3.950 ms 729 pps 279
[  1] 19.0000-20.0000 sec  6 datagrams received out-of-order
[  1] 20.0000-21.0000 sec  1018 KBytes  8.34 Mbits/sec   0.992 ms 0/719 (0%) 3.882/0.235/14.982/3.789 ms 719 pps 269
[  1] 20.0000-21.0000 sec  6 datagrams received out-of-order
[  1] 21.0000-22.0000 sec  1.00 MBytes  8.40 Mbits/sec   0.481 ms 0/724 (0%) 3.581/0.204/15.109/3.662 ms 727 pps 293
[  1] 21.0000-22.0000 sec  7 datagrams received out-of-order
[  1] 22.0000-23.0000 sec  1022 KBytes  8.38 Mbits/sec   0.494 ms 0/722 (0%) 4.348/0.231/22.213/4.386 ms 723 pps 241
[  1] 22.0000-23.0000 sec  7 datagrams received out-of-order
[  1] 23.0000-24.0000 sec  1022 KBytes  8.38 Mbits/sec   0.511 ms 0/722 (0%) 4.018/0.206/17.836/4.076 ms 723 pps 261
[  1] 23.0000-24.0000 sec  8 datagrams received out-of-order
[  1] 24.0000-25.0000 sec  1.00 MBytes  8.42 Mbits/sec   1.000 ms 0/726 (0%) 4.816/0.255/17.859/4.411 ms 723 pps 219
[  1] 24.0000-25.0000 sec  13 datagrams received out-of-order
[  1] 25.0000-26.0000 sec  1.00 MBytes  8.42 Mbits/sec   0.699 ms 0/726 (0%) 5.534/0.228/29.655/5.484 ms 723 pps 190
[  1] 25.0000-26.0000 sec  5 datagrams received out-of-order
[  1] 26.0000-27.0000 sec  1020 KBytes  8.35 Mbits/sec   1.258 ms 0/720 (0%) 4.773/0.229/19.269/4.393 ms 720 pps 219
[  1] 26.0000-27.0000 sec  9 datagrams received out-of-order
[  1] 27.0000-28.0000 sec  1.00 MBytes  8.41 Mbits/sec   1.072 ms 0/725 (0%) 4.865/0.208/19.974/4.547 ms 725 pps 216
[  1] 27.0000-28.0000 sec  22 datagrams received out-of-order
[  1] 28.0000-29.0000 sec  1.00 MBytes  8.40 Mbits/sec   0.833 ms 0/724 (0%) 4.634/0.208/18.059/4.361 ms 725 pps 227
[  1] 28.0000-29.0000 sec  22 datagrams received out-of-order
[  1] 29.0000-30.0000 sec  1022 KBytes  8.38 Mbits/sec   1.247 ms 0/722 (0%) 4.351/0.226/22.045/4.328 ms 723 pps 241
[  1] 29.0000-30.0000 sec  10 datagrams received out-of-order
[  1] 30.0000-31.0000 sec  1020 KBytes  8.35 Mbits/sec   0.546 ms 0/720 (0%) 4.514/0.239/18.261/4.417 ms 724 pps 231
[  1] 30.0000-31.0000 sec  5 datagrams received out-of-order
[  1] 31.0000-32.0000 sec  1021 KBytes  8.36 Mbits/sec   0.477 ms 0/721 (0%) 3.600/0.244/18.664/3.809 ms 723 pps 290
[  1] 32.0000-33.0000 sec  1024 KBytes  8.39 Mbits/sec   0.977 ms 0/723 (0%) 4.473/0.253/24.186/4.495 ms 723 pps 234
[  1] 32.0000-33.0000 sec  2 datagrams received out-of-order
[  1] 33.0000-34.0000 sec  1.01 MBytes  8.44 Mbits/sec   0.760 ms 0/728 (0%) 5.963/0.272/22.651/5.190 ms 723 pps 177
[  1] 33.0000-34.0000 sec  10 datagrams received out-of-order
[  1] 34.0000-35.0000 sec  1017 KBytes  8.33 Mbits/sec   1.325 ms 0/718 (0%) 5.926/0.265/23.468/5.208 ms 716 pps 176
[  1] 34.0000-35.0000 sec  8 datagrams received out-of-order
[  1] 35.0000-36.0000 sec  1022 KBytes  8.38 Mbits/sec   0.741 ms 0/722 (0%) 4.634/0.281/18.162/4.323 ms 731 pps 226
[  1] 35.0000-36.0000 sec  17 datagrams received out-of-order
[  1] 36.0000-37.0000 sec  1.00 MBytes  8.42 Mbits/sec   1.327 ms 0/726 (0%) 4.619/0.258/18.466/4.348 ms 718 pps 228
[  1] 36.0000-37.0000 sec  8 datagrams received out-of-order
[  1] 37.0000-38.0000 sec  1.01 MBytes  8.44 Mbits/sec   0.692 ms 0/728 (0%) 4.075/0.204/17.337/4.042 ms 729 pps 259
[  1] 37.0000-38.0000 sec  9 datagrams received out-of-order
[  1] 38.0000-39.0000 sec  1018 KBytes  8.34 Mbits/sec   0.934 ms 0/719 (0%) 5.525/0.219/21.305/4.889 ms 723 pps 189
[  1] 38.0000-39.0000 sec  18 datagrams received out-of-order
[  1] 39.0000-40.0000 sec  1018 KBytes  8.34 Mbits/sec   0.778 ms 0/719 (0%) 4.875/0.249/25.655/4.851 ms 722 pps 214
[  1] 39.0000-40.0000 sec  4 datagrams received out-of-order
[  1] 40.0000-41.0000 sec  1.01 MBytes  8.47 Mbits/sec   1.054 ms 0/730 (0%) 4.742/0.212/18.923/4.392 ms 722 pps 223
[  1] 40.0000-41.0000 sec  13 datagrams received out-of-order
[  1] 41.0000-42.0000 sec  1.00 MBytes  8.41 Mbits/sec   1.129 ms 0/725 (0%) 4.556/0.225/16.359/4.241 ms 725 pps 231
[  1] 41.0000-42.0000 sec  12 datagrams received out-of-order
[  1] 42.0000-43.0000 sec  1024 KBytes  8.39 Mbits/sec   0.404 ms 0/723 (0%) 4.082/0.210/19.309/4.117 ms 723 pps 257
[  1] 42.0000-43.0000 sec  9 datagrams received out-of-order
[  1] 43.0000-44.0000 sec  1.00 MBytes  8.40 Mbits/sec   0.788 ms 0/724 (0%) 4.430/0.206/17.130/4.171 ms 723 pps 237
[  1] 43.0000-44.0000 sec  9 datagrams received out-of-order
[  1] 44.0000-45.0000 sec  1024 KBytes  8.39 Mbits/sec   0.803 ms 0/723 (0%) 4.089/0.221/14.428/3.926 ms 723 pps 256
[  1] 44.0000-45.0000 sec  7 datagrams received out-of-order
[  1] 45.0000-46.0000 sec  1018 KBytes  8.34 Mbits/sec   0.739 ms 0/719 (0%) 5.857/0.227/29.818/5.810 ms 723 pps 178
[  1] 45.0000-46.0000 sec  12 datagrams received out-of-order
[  1] 46.0000-47.0000 sec  1.01 MBytes  8.43 Mbits/sec   0.923 ms 0/727 (0%) 4.277/0.216/14.188/4.008 ms 723 pps 246
[  1] 46.0000-47.0000 sec  12 datagrams received out-of-order
[  1] 47.0000-48.0000 sec  1014 KBytes  8.31 Mbits/sec   1.608 ms 0/716 (0%) 4.290/0.245/19.990/4.243 ms 716 pps 242
[  1] 47.0000-48.0000 sec  26 datagrams received out-of-order
[  1] 48.0000-49.0000 sec  1017 KBytes  8.33 Mbits/sec   1.696 ms 0/718 (0%) 3.929/0.200/21.886/4.064 ms 718 pps 265
[  1] 48.0000-49.0000 sec  5 datagrams received out-of-order
[  1] 49.0000-50.0000 sec  1.02 MBytes  8.54 Mbits/sec   0.922 ms 0/736 (0%) 4.113/0.248/17.405/4.064 ms 736 pps 259
[  1] 49.0000-50.0000 sec  8 datagrams received out-of-order
[  1] 50.0000-51.0000 sec  1012 KBytes  8.29 Mbits/sec   1.291 ms 0/715 (0%) 7.790/0.275/33.520/7.581 ms 715 pps 133
[  1] 50.0000-51.0000 sec  9 datagrams received out-of-order
[  1] 51.0000-52.0000 sec  1.00 MBytes  8.42 Mbits/sec   0.908 ms 0/726 (0%) 5.334/0.205/18.289/4.712 ms 731 pps 197
[  1] 51.0000-52.0000 sec  14 datagrams received out-of-order
[  1] 52.0000-53.0000 sec  1.01 MBytes  8.44 Mbits/sec   0.702 ms 0/728 (0%) 5.007/0.197/17.985/4.505 ms 723 pps 211
[  1] 52.0000-53.0000 sec  11 datagrams received out-of-order
[  1] 53.0000-54.0000 sec  1024 KBytes  8.39 Mbits/sec   0.776 ms 0/723 (0%) 6.463/0.238/24.728/5.530 ms 723 pps 162
[  1] 53.0000-54.0000 sec  11 datagrams received out-of-order
[  1] 54.0000-55.0000 sec  1024 KBytes  8.39 Mbits/sec   0.882 ms 0/723 (0%) 4.744/0.248/15.831/4.245 ms 723 pps 221
[  1] 54.0000-55.0000 sec  8 datagrams received out-of-order
[  1] 55.0000-56.0000 sec  1024 KBytes  8.39 Mbits/sec   1.404 ms 0/723 (0%) 5.818/0.281/24.673/5.382 ms 723 pps 180
[  1] 55.0000-56.0000 sec  13 datagrams received out-of-order
[  1] 56.0000-57.0000 sec  1014 KBytes  8.31 Mbits/sec   1.391 ms 0/716 (0%) 5.126/0.254/19.979/4.710 ms 715 pps 203
[  1] 56.0000-57.0000 sec  12 datagrams received out-of-order
[  1] 57.0000-58.0000 sec  1.01 MBytes  8.46 Mbits/sec   1.313 ms 0/729 (0%) 5.829/0.246/25.945/5.279 ms 729 pps 181
[  1] 57.0000-58.0000 sec  20 datagrams received out-of-order
[  1] 58.0000-59.0000 sec  1.00 MBytes  8.41 Mbits/sec   0.797 ms 0/725 (0%) 6.560/0.310/25.365/5.697 ms 725 pps 160
[  1] 58.0000-59.0000 sec  6 datagrams received out-of-order
[  1] 59.0000-60.0000 sec  1024 KBytes  8.39 Mbits/sec   0.911 ms 0/723 (0%) 4.741/0.243/20.903/4.341 ms 723 pps 221
[  1] 59.0000-60.0000 sec  9 datagrams received out-of-order
[  1] 60.0000-61.0000 sec  1024 KBytes  8.39 Mbits/sec   0.937 ms 0/723 (0%) 4.969/0.261/17.950/4.465 ms 723 pps 211
[  1] 60.0000-61.0000 sec  21 datagrams received out-of-order
[  1] 61.0000-62.0000 sec  1017 KBytes  8.33 Mbits/sec   1.132 ms 0/718 (0%) 5.026/0.259/31.331/5.209 ms 722 pps 207
[  1] 61.0000-62.0000 sec  19 datagrams received out-of-order
[  1] 62.0000-63.0000 sec  1.00 MBytes  8.40 Mbits/sec   1.394 ms 0/724 (0%) 5.014/0.219/20.409/4.616 ms 720 pps 209
[  1] 62.0000-63.0000 sec  14 datagrams received out-of-order
[  1] 63.0000-64.0000 sec  1015 KBytes  8.32 Mbits/sec   1.357 ms 0/717 (0%) 5.669/0.264/32.713/5.736 ms 718 pps 183
[  1] 63.0000-64.0000 sec  26 datagrams received out-of-order
[  1] 64.0000-65.0000 sec  1.00 MBytes  8.40 Mbits/sec   0.640 ms 0/724 (0%) 4.118/0.234/19.362/4.113 ms 733 pps 255
[  1] 64.0000-65.0000 sec  7 datagrams received out-of-order
[  1] 65.0000-66.0000 sec  1.01 MBytes  8.50 Mbits/sec   0.088 ms 0/733 (0%) 3.324/0.247/25.236/4.227 ms 723 pps 320
[  1] 65.0000-66.0000 sec  6 datagrams received out-of-order
[  1] 66.0000-67.0000 sec  1024 KBytes  8.39 Mbits/sec   0.100 ms 0/723 (0%) 0.448/0.245/4.001/0.361 ms 723 pps 2341
[  1] 66.0000-67.0000 sec  1 datagrams received out-of-order
[  1] 67.0000-68.0000 sec  1024 KBytes  8.39 Mbits/sec   0.603 ms 0/723 (0%) 0.501/0.227/6.224/0.471 ms 723 pps 2094
[  1] 67.0000-68.0000 sec  1 datagrams received out-of-order
[  1] 68.0000-69.0000 sec  1024 KBytes  8.39 Mbits/sec   0.269 ms 0/723 (0%) 0.595/0.242/6.359/0.606 ms 723 pps 1761
[  1] 68.0000-69.0000 sec  3 datagrams received out-of-order
Waiting for server threads to complete. Interrupt again to force quit.
[  1] 69.0000-69.5313 sec   545 KBytes  8.41 Mbits/sec   0.140 ms 0/385 (0%) 0.557/0.285/5.008/0.507 ms 723 pps 1887
[  1] 69.0000-69.5313 sec  4 datagrams received out-of-order
[  1] 0.0000-69.5313 sec  69.5 MBytes  8.39 Mbits/sec   0.140 ms 1/50285 (0.002%) 4.392/0.190/33.520/4.537 ms 723 pps 239
[  1] 0.0000-69.5313 sec  655 datagrams received out-of-order
