------------------------------------------------------------
Server listening on UDP port 6003 with pid 37054
Joining multicast group  ff38::3
Read buffer size: 1.44 KByte (Dist bin width= 183 Byte)
Server set to single client traffic mode (per multicast receive)
UDP buffer size:  208 KByte (default)
------------------------------------------------------------
[  1] local ff38::3%h1-eth0 port 6003 connected with 2001:db8::8 port 59922 (sock=3) (peer 2.1.5) on 2025-06-02 17:01:00 (CST)
[ ID] Interval            Transfer     Bandwidth        Jitter   Lost/Total  Latency avg/min/max/stdev PPS NetPwr
[  1] 0.0000-1.0000 sec  1.88 MBytes  15.8 Mbits/sec   0.318 ms 0/1360 (0%) 1.229/0.320/12.664/1.835 ms 1361 pps 1604
[  1] 0.0000-1.0000 sec  6 datagrams received out-of-order
[  1] 1.0000-2.0000 sec  1.88 MBytes  15.7 Mbits/sec   0.090 ms 0/1357 (0%) 1.135/0.289/9.622/1.498 ms 1357 pps 1734
[  1] 2.0000-3.0000 sec  1.87 MBytes  15.7 Mbits/sec   0.153 ms 0/1355 (0%) 1.602/0.296/13.254/2.275 ms 1356 pps 1226
[  1] 2.0000-3.0000 sec  5 datagrams received out-of-order
[  1] 3.0000-4.0000 sec  1.61 MBytes  13.5 Mbits/sec   2.197 ms 0/1166 (0%) 11.971/0.247/48.967/10.138 ms 1166 pps 141
[  1] 4.0000-5.0000 sec  1.66 MBytes  13.9 Mbits/sec   0.934 ms 0/1201 (0%) 14.947/0.654/44.367/8.825 ms 1201 pps 117
[  1] 5.0000-6.0000 sec  1.64 MBytes  13.7 Mbits/sec   0.850 ms 0/1184 (0%) 15.021/0.697/44.165/8.915 ms 1184 pps 114
[  1] 6.0000-7.0000 sec  1.63 MBytes  13.7 Mbits/sec   0.752 ms 0/1178 (0%) 14.957/0.619/43.917/8.953 ms 1179 pps 114
[  1] 7.0000-8.0000 sec  1.65 MBytes  13.8 Mbits/sec   2.517 ms 0/1190 (0%) 14.849/0.575/43.294/8.867 ms 1189 pps 116
[  1] 8.0000-9.0000 sec  1.66 MBytes  13.9 Mbits/sec   0.870 ms 0/1201 (0%) 15.111/0.631/46.331/8.963 ms 1201 pps 115
[  1] 9.0000-10.0000 sec  1.64 MBytes  13.8 Mbits/sec   0.807 ms 0/1187 (0%) 15.209/0.668/45.150/8.988 ms 1195 pps 113
[  1] 10.0000-11.0000 sec  1.64 MBytes  13.8 Mbits/sec   2.798 ms 0/1187 (0%) 14.769/0.649/46.217/8.848 ms 1179 pps 117
[  1] 11.0000-12.0000 sec  1.63 MBytes  13.7 Mbits/sec   2.182 ms 0/1180 (0%) 14.969/0.628/49.993/8.978 ms 1180 pps 114
[  1] 11.0000-12.0000 sec  1 datagrams received out-of-order
[  1] 12.0000-13.0000 sec  1.60 MBytes  13.4 Mbits/sec   0.863 ms 0/1159 (0%) 15.073/0.546/48.020/8.887 ms 1159 pps 111
[  1] 13.0000-14.0000 sec  1.62 MBytes  13.6 Mbits/sec   1.121 ms 0/1172 (0%) 15.077/0.754/44.351/8.884 ms 1172 pps 113
[  1] 14.0000-15.0000 sec  1.67 MBytes  14.0 Mbits/sec   1.744 ms 0/1208 (0%) 14.781/0.630/45.321/8.876 ms 1208 pps 119
[  1] 15.0000-16.0000 sec  1.66 MBytes  13.9 Mbits/sec   0.828 ms 0/1197 (0%) 14.960/0.711/43.875/8.823 ms 1197 pps 116
[  1] 16.0000-17.0000 sec  1.64 MBytes  13.8 Mbits/sec   0.773 ms 0/1188 (0%) 15.251/0.560/43.980/8.977 ms 1189 pps 113
[  1] 17.0000-18.0000 sec  1.66 MBytes  13.9 Mbits/sec   1.406 ms 0/1199 (0%) 14.819/0.664/43.272/8.774 ms 1198 pps 117
[  1] 18.0000-19.0000 sec  1.64 MBytes  13.7 Mbits/sec   1.154 ms 0/1184 (0%) 15.024/0.762/46.716/8.782 ms 1184 pps 114
[  1] 19.0000-20.0000 sec  1.64 MBytes  13.7 Mbits/sec   0.952 ms 0/1185 (0%) 15.168/0.757/44.545/8.981 ms 1185 pps 113
[  1] 20.0000-21.0000 sec  1.63 MBytes  13.7 Mbits/sec   0.850 ms 0/1182 (0%) 14.842/0.593/46.056/8.806 ms 1182 pps 115
[  1] 21.0000-22.0000 sec  1.63 MBytes  13.7 Mbits/sec   0.774 ms 0/1181 (0%) 15.096/0.566/44.716/8.872 ms 1185 pps 113
[  1] 22.0000-23.0000 sec  1.65 MBytes  13.9 Mbits/sec   1.608 ms 0/1196 (0%) 14.794/0.742/45.936/8.855 ms 1192 pps 117
[  1] 23.0000-24.0000 sec  1.67 MBytes  14.0 Mbits/sec   1.411 ms 0/1205 (0%) 15.004/0.619/44.008/8.768 ms 1205 pps 116
[  1] 24.0000-25.0000 sec  1.63 MBytes  13.7 Mbits/sec   3.138 ms 0/1181 (0%) 14.830/0.274/47.868/8.818 ms 1181 pps 115
[  1] 25.0000-26.0000 sec  1.66 MBytes  13.9 Mbits/sec   1.287 ms 0/1198 (0%) 14.846/0.654/46.779/8.781 ms 1199 pps 117
[  1] 26.0000-27.0000 sec  1.66 MBytes  13.9 Mbits/sec   0.766 ms 0/1198 (0%) 14.982/0.566/43.423/8.741 ms 1208 pps 116
[  1] 27.0000-28.0000 sec  1.64 MBytes  13.7 Mbits/sec   2.714 ms 0/1183 (0%) 15.660/0.689/54.366/9.165 ms 1172 pps 110
[  1] 28.0000-29.0000 sec  1.62 MBytes  13.6 Mbits/sec   3.437 ms 0/1175 (0%) 15.178/0.727/46.637/8.813 ms 1175 pps 112
[  1] 29.0000-30.0000 sec  1.66 MBytes  14.0 Mbits/sec   1.047 ms 0/1203 (0%) 14.766/0.704/43.855/8.753 ms 1203 pps 118
[  1] 30.0000-31.0000 sec  1.64 MBytes  13.8 Mbits/sec   0.845 ms 0/1189 (0%) 15.120/0.645/45.066/8.794 ms 1189 pps 114
[  1] 31.0000-32.0000 sec  1.66 MBytes  13.9 Mbits/sec   1.891 ms 0/1200 (0%) 15.059/0.654/47.217/8.916 ms 1200 pps 116
[  1] 32.0000-33.0000 sec  1.68 MBytes  14.1 Mbits/sec   0.911 ms 0/1212 (0%) 15.087/0.754/41.831/8.769 ms 1215 pps 116
[  1] 33.0000-34.0000 sec  1.64 MBytes  13.7 Mbits/sec   2.677 ms 0/1185 (0%) 14.709/0.642/45.422/8.906 ms 1182 pps 117
[  1] 34.0000-35.0000 sec  1.65 MBytes  13.9 Mbits/sec   1.079 ms 0/1196 (0%) 14.683/0.565/43.939/8.820 ms 1196 pps 118
[  1] 35.0000-36.0000 sec  1.65 MBytes  13.9 Mbits/sec   0.835 ms 0/1194 (0%) 15.101/0.769/45.554/8.920 ms 1198 pps 115
[  1] 36.0000-37.0000 sec  1.63 MBytes  13.7 Mbits/sec   0.784 ms 0/1181 (0%) 15.183/0.740/46.286/8.928 ms 1187 pps 113
[  1] 37.0000-38.0000 sec  1.63 MBytes  13.7 Mbits/sec   0.877 ms 0/1177 (0%) 15.164/0.348/50.266/9.070 ms 1167 pps 113
[  1] 38.0000-39.0000 sec  1.66 MBytes  13.9 Mbits/sec   1.646 ms 0/1202 (0%) 15.104/0.685/43.605/8.894 ms 1203 pps 115
[  1] 39.0000-40.0000 sec  1.63 MBytes  13.6 Mbits/sec   1.697 ms 0/1176 (0%) 15.269/0.319/49.445/9.021 ms 1176 pps 112
[  1] 40.0000-41.0000 sec  1.66 MBytes  13.9 Mbits/sec   0.912 ms 0/1199 (0%) 15.450/0.624/47.471/8.860 ms 1199 pps 113
[  1] 41.0000-42.0000 sec  1.62 MBytes  13.6 Mbits/sec   1.033 ms 0/1170 (0%) 15.086/0.661/45.913/8.854 ms 1171 pps 112
[  1] 42.0000-43.0000 sec  1.65 MBytes  13.8 Mbits/sec   0.747 ms 0/1192 (0%) 15.188/0.776/50.221/8.761 ms 1200 pps 114
[  1] 43.0000-44.0000 sec  1.63 MBytes  13.7 Mbits/sec   0.795 ms 0/1179 (0%) 15.191/0.746/44.975/8.861 ms 1181 pps 113
[  1] 44.0000-45.0000 sec  1.64 MBytes  13.8 Mbits/sec   2.772 ms 0/1188 (0%) 15.008/0.346/44.410/8.883 ms 1178 pps 115
[  1] 45.0000-46.0000 sec  1.68 MBytes  14.1 Mbits/sec   0.773 ms 0/1213 (0%) 15.022/0.653/46.023/8.734 ms 1221 pps 117
[  1] 46.0000-47.0000 sec  1.62 MBytes  13.6 Mbits/sec   0.770 ms 0/1175 (0%) 14.943/0.709/49.614/8.823 ms 1168 pps 114
[  1] 47.0000-48.0000 sec  1.63 MBytes  13.6 Mbits/sec   0.795 ms 0/1176 (0%) 14.977/0.615/45.205/8.862 ms 1177 pps 114
[  1] 48.0000-49.0000 sec  1.59 MBytes  13.4 Mbits/sec   3.810 ms 0/1152 (0%) 15.572/0.655/57.813/9.103 ms 1151 pps 107
[  1] 49.0000-50.0000 sec  1.66 MBytes  14.0 Mbits/sec   1.032 ms 0/1204 (0%) 14.896/0.505/46.808/8.798 ms 1204 pps 117
[  1] 50.0000-51.0000 sec  1.65 MBytes  13.8 Mbits/sec   0.790 ms 0/1190 (0%) 15.149/0.645/47.559/8.785 ms 1195 pps 114
[  1] 51.0000-52.0000 sec  1.67 MBytes  14.0 Mbits/sec   1.126 ms 0/1207 (0%) 14.983/0.683/44.155/8.707 ms 1201 pps 117
[  1] 52.0000-53.0000 sec  1.65 MBytes  13.9 Mbits/sec   0.755 ms 0/1194 (0%) 15.313/0.744/47.121/8.890 ms 1194 pps 113
[  1] 53.0000-54.0000 sec  1.61 MBytes  13.5 Mbits/sec   0.985 ms 0/1166 (0%) 15.233/0.656/47.429/8.910 ms 1166 pps 111
[  1] 54.0000-55.0000 sec  1.65 MBytes  13.9 Mbits/sec   2.905 ms 0/1194 (0%) 15.135/0.799/48.374/8.866 ms 1194 pps 114
[  1] 55.0000-56.0000 sec  1.66 MBytes  13.9 Mbits/sec   1.099 ms 0/1199 (0%) 14.905/0.745/44.830/8.687 ms 1199 pps 117
[  1] 56.0000-57.0000 sec  1.65 MBytes  13.9 Mbits/sec   0.767 ms 0/1195 (0%) 15.175/0.837/46.563/8.770 ms 1197 pps 114
[  1] 57.0000-58.0000 sec  1.65 MBytes  13.8 Mbits/sec   2.139 ms 0/1193 (0%) 15.383/0.674/45.318/8.926 ms 1191 pps 112
[  1] 58.0000-59.0000 sec  1.67 MBytes  14.0 Mbits/sec   0.771 ms 0/1211 (0%) 15.146/0.725/44.588/8.811 ms 1215 pps 116
[  1] 59.0000-60.0000 sec  1.64 MBytes  13.7 Mbits/sec   3.634 ms 0/1185 (0%) 15.372/0.754/47.637/9.026 ms 1182 pps 112
[  1] 60.0000-61.0000 sec  1.65 MBytes  13.9 Mbits/sec   1.633 ms 0/1194 (0%) 15.117/0.632/43.845/8.843 ms 1194 pps 115
[  1] 61.0000-62.0000 sec  1.66 MBytes  13.9 Mbits/sec   0.819 ms 0/1200 (0%) 15.049/0.689/44.800/8.758 ms 1200 pps 116
[  1] 62.0000-63.0000 sec  1.63 MBytes  13.7 Mbits/sec   0.756 ms 0/1181 (0%) 15.024/0.654/46.146/8.930 ms 1188 pps 114
[  1] 63.0000-64.0000 sec  1.64 MBytes  13.7 Mbits/sec   2.940 ms 0/1184 (0%) 15.031/0.725/46.540/8.983 ms 1177 pps 114
[  1] 64.0000-65.0000 sec  1.63 MBytes  13.7 Mbits/sec   2.188 ms 0/1182 (0%) 14.882/0.683/44.052/8.873 ms 1182 pps 115
[  1] 65.0000-66.0000 sec  1.66 MBytes  13.9 Mbits/sec   0.948 ms 0/1199 (0%) 15.186/0.773/42.533/8.797 ms 1199 pps 114
[  1] 66.0000-67.0000 sec  1.64 MBytes  13.8 Mbits/sec   0.793 ms 0/1187 (0%) 15.243/0.671/47.018/8.922 ms 1187 pps 113
[  1] 67.0000-68.0000 sec  1.68 MBytes  14.1 Mbits/sec   0.962 ms 0/1213 (0%) 14.827/0.715/44.262/8.783 ms 1213 pps 119
[  1] 68.0000-69.0000 sec  1.64 MBytes  13.8 Mbits/sec   0.800 ms 0/1188 (0%) 15.000/0.705/43.033/8.855 ms 1192 pps 115
Waiting for server threads to complete. Interrupt again to force quit.
[  1] 69.0000-69.5348 sec   865 KBytes  13.3 Mbits/sec   1.547 ms 1/612 (0.16%) 14.764/0.651/45.891/8.924 ms 1135 pps 112
[  1] 0.0000-69.5348 sec   115 MBytes  13.9 Mbits/sec   1.547 ms 1/83174 (0.0012%) 14.342/0.247/57.813/9.173 ms 1196 pps 121
[  1] 0.0000-69.5348 sec  12 datagrams received out-of-order
