------------------------------------------------------------
Server listening on UDP port 6002 with pid 36859
Joining multicast group  ff38::2
Read buffer size: 1.44 KByte (Dist bin width= 183 Byte)
Server set to single client traffic mode (per multicast receive)
UDP buffer size:  208 KByte (default)
------------------------------------------------------------
[  1] local ff38::2%h4-eth0 port 6002 connected with 2001:db8::1 port 45948 (sock=3) (peer 2.1.5) on 2025-06-02 17:00:59 (CST)
[ ID] Interval            Transfer     Bandwidth        Jitter   Lost/Total  Latency avg/min/max/stdev PPS NetPwr
[  1] 0.0000-1.0000 sec  2.13 MBytes  17.9 Mbits/sec   0.222 ms 0/1540 (0%) 2.482/0.328/15.413/3.574 ms 1541 pps 900
[  1] 0.0000-1.0000 sec  1 datagrams received out-of-order
[  1] 1.0000-2.0000 sec  2.12 MBytes  17.8 Mbits/sec   0.259 ms 0/1533 (0%) 1.684/0.248/7.615/1.650 ms 1534 pps 1320
[  1] 1.0000-2.0000 sec  2 datagrams received out-of-order
[  1] 2.0000-3.0000 sec  2.13 MBytes  17.9 Mbits/sec   0.123 ms 0/1541 (0%) 2.407/0.225/10.715/2.554 ms 1540 pps 928
[  1] 3.0000-4.0000 sec  2.10 MBytes  17.6 Mbits/sec   0.557 ms 0/1519 (0%) 1.153/0.175/10.714/1.697 ms 1520 pps 1911
[  1] 4.0000-5.0000 sec  2.00 MBytes  16.8 Mbits/sec   0.247 ms 0/1448 (0%) 25.351/0.241/69.266/21.284 ms 1448 pps 83
[  1] 5.0000-6.0000 sec  1.87 MBytes  15.6 Mbits/sec   1.553 ms 0/1349 (0%) 51.331/31.057/78.257/10.637 ms 1349 pps 38
[  1] 6.0000-7.0000 sec  1.88 MBytes  15.7 Mbits/sec   2.738 ms 0/1357 (0%) 50.715/32.177/76.546/10.314 ms 1357 pps 39
[  1] 7.0000-8.0000 sec  1.91 MBytes  16.1 Mbits/sec   1.148 ms 0/1384 (0%) 50.024/31.889/71.378/10.052 ms 1385 pps 40
[  1] 8.0000-9.0000 sec  1.90 MBytes  15.9 Mbits/sec   1.063 ms 0/1375 (0%) 50.327/30.810/73.406/10.174 ms 1374 pps 40
[  1] 9.0000-10.0000 sec  1.89 MBytes  15.8 Mbits/sec   1.123 ms 0/1366 (0%) 50.506/31.783/78.816/10.166 ms 1366 pps 39
[  1] 10.0000-11.0000 sec  1.89 MBytes  15.8 Mbits/sec   1.013 ms 0/1366 (0%) 50.570/32.007/76.751/10.319 ms 1366 pps 39
[  1] 11.0000-12.0000 sec  1.88 MBytes  15.8 Mbits/sec   1.170 ms 0/1359 (0%) 50.680/32.524/76.285/10.353 ms 1359 pps 39
[  1] 12.0000-13.0000 sec  1.89 MBytes  15.9 Mbits/sec   1.177 ms 0/1368 (0%) 50.389/29.917/75.826/10.211 ms 1368 pps 39
[  1] 13.0000-14.0000 sec  1.92 MBytes  16.1 Mbits/sec   0.897 ms 0/1386 (0%) 49.899/32.018/74.290/9.984 ms 1386 pps 40
[  1] 14.0000-15.0000 sec  1.92 MBytes  16.1 Mbits/sec   1.180 ms 0/1392 (0%) 49.737/31.066/74.036/10.130 ms 1392 pps 41
[  1] 15.0000-16.0000 sec  1.90 MBytes  15.9 Mbits/sec   1.161 ms 0/1374 (0%) 50.112/30.779/75.906/10.147 ms 1375 pps 40
[  1] 16.0000-17.0000 sec  1.88 MBytes  15.8 Mbits/sec   1.133 ms 0/1361 (0%) 50.645/30.652/77.835/10.315 ms 1360 pps 39
[  1] 17.0000-18.0000 sec  1.90 MBytes  15.9 Mbits/sec   1.066 ms 0/1374 (0%) 50.070/31.633/71.827/9.869 ms 1375 pps 40
[  1] 18.0000-19.0000 sec  1.88 MBytes  15.8 Mbits/sec   1.184 ms 0/1360 (0%) 50.675/31.770/77.012/10.298 ms 1359 pps 39
[  1] 19.0000-20.0000 sec  1.88 MBytes  15.8 Mbits/sec   1.416 ms 0/1360 (0%) 50.520/32.584/77.091/10.220 ms 1360 pps 39
[  1] 20.0000-21.0000 sec  1.91 MBytes  16.0 Mbits/sec   0.918 ms 0/1381 (0%) 50.117/32.621/72.068/9.870 ms 1381 pps 40
[  1] 21.0000-22.0000 sec  1.90 MBytes  16.0 Mbits/sec   0.816 ms 0/1377 (0%) 50.255/31.922/75.840/10.093 ms 1377 pps 40
[  1] 22.0000-23.0000 sec  1.90 MBytes  15.9 Mbits/sec   2.308 ms 0/1373 (0%) 50.047/31.412/72.409/10.082 ms 1373 pps 40
[  1] 23.0000-24.0000 sec  1.90 MBytes  15.9 Mbits/sec   1.530 ms 0/1375 (0%) 50.378/31.939/72.664/10.139 ms 1375 pps 40
[  1] 24.0000-25.0000 sec  1.90 MBytes  15.9 Mbits/sec   1.120 ms 0/1374 (0%) 50.359/31.263/75.466/10.254 ms 1374 pps 40
[  1] 25.0000-26.0000 sec  1.86 MBytes  15.6 Mbits/sec   2.311 ms 0/1348 (0%) 51.168/31.925/77.005/10.399 ms 1348 pps 38
[  1] 26.0000-27.0000 sec  1.90 MBytes  15.9 Mbits/sec   1.779 ms 0/1372 (0%) 50.244/31.731/79.451/10.250 ms 1372 pps 40
[  1] 27.0000-28.0000 sec  1.87 MBytes  15.7 Mbits/sec   0.834 ms 0/1355 (0%) 50.946/31.802/73.268/10.088 ms 1358 pps 39
[  1] 28.0000-29.0000 sec  1.89 MBytes  15.9 Mbits/sec   0.926 ms 0/1367 (0%) 50.413/32.493/74.709/10.137 ms 1365 pps 39
[  1] 28.0000-29.0000 sec  1 datagrams received out-of-order
[  1] 29.0000-30.0000 sec  1.91 MBytes  16.0 Mbits/sec   1.785 ms 0/1383 (0%) 50.161/30.801/73.453/10.260 ms 1382 pps 40
[  1] 30.0000-31.0000 sec  1.90 MBytes  15.9 Mbits/sec   1.859 ms 0/1371 (0%) 50.164/30.378/73.007/10.073 ms 1371 pps 40
[  1] 31.0000-32.0000 sec  1.90 MBytes  16.0 Mbits/sec   1.228 ms 0/1376 (0%) 50.284/31.922/73.488/9.997 ms 1376 pps 40
[  1] 32.0000-33.0000 sec  1.90 MBytes  16.0 Mbits/sec   1.000 ms 0/1376 (0%) 49.992/30.599/73.705/10.025 ms 1376 pps 40
[  1] 33.0000-34.0000 sec  1.85 MBytes  15.5 Mbits/sec   2.903 ms 0/1340 (0%) 51.105/32.626/74.836/10.267 ms 1340 pps 38
[  1] 34.0000-35.0000 sec  1.90 MBytes  15.9 Mbits/sec   1.802 ms 0/1374 (0%) 50.145/32.995/71.344/9.951 ms 1374 pps 40
[  1] 35.0000-36.0000 sec  1.90 MBytes  15.9 Mbits/sec   1.261 ms 0/1374 (0%) 50.306/32.449/72.158/9.976 ms 1374 pps 40
[  1] 36.0000-37.0000 sec  1.89 MBytes  15.8 Mbits/sec   1.324 ms 0/1366 (0%) 50.521/32.523/74.706/10.083 ms 1366 pps 39
[  1] 37.0000-38.0000 sec  1.87 MBytes  15.7 Mbits/sec   1.888 ms 0/1353 (0%) 51.118/31.354/81.633/10.466 ms 1352 pps 38
[  1] 38.0000-39.0000 sec  1.91 MBytes  16.0 Mbits/sec   1.056 ms 0/1381 (0%) 49.729/30.714/74.102/9.701 ms 1381 pps 40
[  1] 39.0000-40.0000 sec  1.89 MBytes  15.8 Mbits/sec   1.167 ms 0/1365 (0%) 50.251/32.102/75.910/9.984 ms 1366 pps 39
[  1] 40.0000-41.0000 sec  1.87 MBytes  15.7 Mbits/sec   1.551 ms 0/1355 (0%) 50.823/31.459/74.886/10.172 ms 1354 pps 39
[  1] 41.0000-42.0000 sec  1.89 MBytes  15.8 Mbits/sec   1.738 ms 0/1365 (0%) 50.199/31.312/78.326/10.156 ms 1365 pps 39
[  1] 42.0000-43.0000 sec  1.88 MBytes  15.8 Mbits/sec   2.099 ms 0/1361 (0%) 50.718/31.280/76.900/10.365 ms 1360 pps 39
[  1] 43.0000-44.0000 sec  1.91 MBytes  16.0 Mbits/sec   1.110 ms 0/1382 (0%) 49.859/30.541/73.997/10.007 ms 1382 pps 40
[  1] 44.0000-45.0000 sec  1.90 MBytes  15.9 Mbits/sec   1.056 ms 0/1372 (0%) 50.127/31.398/73.047/9.916 ms 1372 pps 40
[  1] 45.0000-46.0000 sec  1.89 MBytes  15.9 Mbits/sec   1.051 ms 0/1369 (0%) 50.234/31.804/75.056/10.125 ms 1369 pps 40
[  1] 46.0000-47.0000 sec  1.90 MBytes  16.0 Mbits/sec   2.919 ms 0/1376 (0%) 50.302/31.885/73.248/10.094 ms 1376 pps 40
[  1] 47.0000-48.0000 sec  1.87 MBytes  15.7 Mbits/sec   1.145 ms 0/1351 (0%) 50.759/31.840/76.880/10.211 ms 1351 pps 39
[  1] 48.0000-49.0000 sec  1.90 MBytes  16.0 Mbits/sec   0.867 ms 0/1377 (0%) 50.267/32.151/74.851/10.049 ms 1377 pps 40
[  1] 49.0000-50.0000 sec  1.91 MBytes  16.0 Mbits/sec   2.786 ms 0/1378 (0%) 50.040/31.756/75.855/10.224 ms 1378 pps 40
[  1] 50.0000-51.0000 sec  1.94 MBytes  16.2 Mbits/sec   1.039 ms 0/1400 (0%) 49.336/31.350/73.437/9.937 ms 1401 pps 41
[  1] 51.0000-52.0000 sec  1.87 MBytes  15.7 Mbits/sec   1.303 ms 0/1355 (0%) 50.797/32.196/73.244/10.168 ms 1355 pps 39
[  1] 52.0000-53.0000 sec  1.90 MBytes  16.0 Mbits/sec   1.048 ms 0/1377 (0%) 50.147/31.953/74.419/9.999 ms 1376 pps 40
[  1] 53.0000-54.0000 sec  1.88 MBytes  15.7 Mbits/sec   1.113 ms 1/1358 (0.074%) 50.852/32.028/73.420/10.191 ms 1357 pps 39
[  1] 54.0000-55.0000 sec  1.92 MBytes  16.1 Mbits/sec   2.732 ms 0/1385 (0%) 49.871/30.907/72.124/9.949 ms 1385 pps 40
[  1] 55.0000-56.0000 sec  1.91 MBytes  16.0 Mbits/sec   1.483 ms 0/1380 (0%) 50.051/30.803/79.538/10.104 ms 1381 pps 40
[  1] 56.0000-57.0000 sec  1.86 MBytes  15.6 Mbits/sec   0.993 ms 0/1345 (0%) 50.795/32.283/73.405/10.003 ms 1344 pps 38
[  1] 57.0000-58.0000 sec  1.91 MBytes  16.0 Mbits/sec   0.829 ms 0/1380 (0%) 49.997/30.719/70.750/9.922 ms 1381 pps 40
[  1] 58.0000-59.0000 sec  1.89 MBytes  15.8 Mbits/sec   0.932 ms 0/1365 (0%) 50.354/32.774/75.277/10.021 ms 1364 pps 39
[  1] 59.0000-60.0000 sec  1.87 MBytes  15.7 Mbits/sec   1.050 ms 0/1354 (0%) 50.381/30.715/72.351/9.949 ms 1355 pps 39
[  1] 60.0000-61.0000 sec  1.87 MBytes  15.7 Mbits/sec   1.225 ms 0/1355 (0%) 50.278/32.215/75.242/9.984 ms 1355 pps 39
[  1] 61.0000-62.0000 sec  1.89 MBytes  15.9 Mbits/sec   1.031 ms 0/1369 (0%) 50.388/31.331/76.938/10.162 ms 1369 pps 39
[  1] 62.0000-63.0000 sec  1.90 MBytes  15.9 Mbits/sec   1.094 ms 0/1373 (0%) 49.848/31.241/72.740/9.737 ms 1372 pps 40
[  1] 63.0000-64.0000 sec  1.89 MBytes  15.8 Mbits/sec   0.942 ms 0/1365 (0%) 50.573/31.311/79.222/10.286 ms 1365 pps 39
[  1] 64.0000-65.0000 sec  1.91 MBytes  16.0 Mbits/sec   2.015 ms 0/1383 (0%) 49.886/31.389/74.073/10.086 ms 1383 pps 40
[  1] 65.0000-66.0000 sec  1.89 MBytes  15.9 Mbits/sec   1.614 ms 0/1368 (0%) 50.240/32.620/75.117/10.089 ms 1369 pps 39
[  1] 65.0000-66.0000 sec  2 datagrams received out-of-order
[  1] 66.0000-67.0000 sec  1.90 MBytes  16.0 Mbits/sec   1.338 ms 0/1377 (0%) 50.049/31.500/73.086/9.960 ms 1377 pps 40
[  1] 67.0000-68.0000 sec  1.90 MBytes  16.0 Mbits/sec   0.983 ms 0/1376 (0%) 49.928/31.994/73.790/9.778 ms 1376 pps 40
[  1] 67.0000-68.0000 sec  1 datagrams received out-of-order
[  1] 68.0000-69.0000 sec  1.88 MBytes  15.8 Mbits/sec   1.239 ms 0/1360 (0%) 50.513/32.073/73.549/10.087 ms 1361 pps 39
Waiting for server threads to complete. Interrupt again to force quit.
[  1] 69.0000-69.5890 sec  1.09 MBytes  15.5 Mbits/sec   1.660 ms 0/788 (0%) 51.550/32.386/78.451/10.613 ms 1336 pps 38
[  1] 0.0000-69.5890 sec   133 MBytes  16.0 Mbits/sec   1.660 ms 1/95992 (0.001%) 46.874/0.175/81.633/15.769 ms 1379 pps 43
[  1] 0.0000-69.5890 sec  7 datagrams received out-of-order
