------------------------------------------------------------
Server listening on UDP port 6003 with pid 37009
Joining multicast group  ff38::3
Read buffer size: 1.44 KByte (Dist bin width= 183 Byte)
Server set to single client traffic mode (per multicast receive)
UDP buffer size:  208 KByte (default)
------------------------------------------------------------
[  1] local ff38::3%h3-eth0 port 6003 connected with 2001:db8::8 port 59922 (sock=3) (peer 2.1.5) on 2025-06-02 17:01:00 (CST)
[ ID] Interval            Transfer     Bandwidth        Jitter   Lost/Total  Latency avg/min/max/stdev PPS NetPwr
[  1] 0.0000-1.0000 sec  1.88 MBytes  15.8 Mbits/sec   0.328 ms 0/1360 (0%) 1.256/0.336/12.710/1.834 ms 1361 pps 1569
[  1] 0.0000-1.0000 sec  7 datagrams received out-of-order
[  1] 1.0000-2.0000 sec  1.88 MBytes  15.7 Mbits/sec   0.091 ms 0/1357 (0%) 1.150/0.310/9.645/1.493 ms 1357 pps 1710
[  1] 2.0000-3.0000 sec  1.77 MBytes  14.8 Mbits/sec   0.300 ms 0/1280 (0%) 17.083/0.347/55.814/17.648 ms 1281 pps 109
[  1] 2.0000-3.0000 sec  5 datagrams received out-of-order
[  1] 3.0000-4.0000 sec  1.65 MBytes  13.8 Mbits/sec   2.294 ms 0/1193 (0%) 60.299/35.516/95.219/10.691 ms 1192 pps 29
[  1] 4.0000-5.0000 sec  1.66 MBytes  13.9 Mbits/sec   1.080 ms 0/1197 (0%) 58.192/36.236/85.622/10.946 ms 1198 pps 30
[  1] 5.0000-6.0000 sec  1.64 MBytes  13.7 Mbits/sec   1.002 ms 0/1184 (0%) 58.647/37.428/84.908/10.992 ms 1183 pps 29
[  1] 6.0000-7.0000 sec  1.62 MBytes  13.6 Mbits/sec   1.166 ms 0/1171 (0%) 58.587/36.186/84.169/11.071 ms 1171 pps 29
[  1] 7.0000-8.0000 sec  1.66 MBytes  13.9 Mbits/sec   2.356 ms 0/1201 (0%) 57.904/36.202/85.200/11.043 ms 1201 pps 30
[  1] 8.0000-9.0000 sec  1.65 MBytes  13.8 Mbits/sec   1.340 ms 0/1190 (0%) 58.246/34.371/86.703/11.466 ms 1190 pps 30
[  1] 9.0000-10.0000 sec  1.66 MBytes  13.9 Mbits/sec   0.829 ms 0/1198 (0%) 57.911/34.632/85.080/11.033 ms 1198 pps 30
[  1] 10.0000-11.0000 sec  1.64 MBytes  13.8 Mbits/sec   2.506 ms 0/1186 (0%) 57.840/33.824/83.762/11.067 ms 1186 pps 30
[  1] 11.0000-12.0000 sec  1.63 MBytes  13.7 Mbits/sec   2.274 ms 0/1180 (0%) 58.676/35.629/94.083/11.675 ms 1180 pps 29
[  1] 12.0000-13.0000 sec  1.60 MBytes  13.4 Mbits/sec   0.960 ms 0/1156 (0%) 59.596/38.547/90.776/11.053 ms 1156 pps 28
[  1] 13.0000-14.0000 sec  1.62 MBytes  13.6 Mbits/sec   1.344 ms 0/1173 (0%) 57.821/35.644/86.230/10.912 ms 1173 pps 29
[  1] 14.0000-15.0000 sec  1.67 MBytes  14.0 Mbits/sec   1.869 ms 0/1210 (0%) 57.109/36.033/89.451/11.053 ms 1210 pps 31
[  1] 15.0000-16.0000 sec  1.64 MBytes  13.8 Mbits/sec   1.195 ms 0/1188 (0%) 58.139/36.762/84.826/11.054 ms 1188 pps 30
[  1] 16.0000-17.0000 sec  1.65 MBytes  13.8 Mbits/sec   0.993 ms 0/1190 (0%) 57.749/33.476/83.237/11.131 ms 1191 pps 30
[  1] 17.0000-18.0000 sec  1.66 MBytes  14.0 Mbits/sec   1.735 ms 0/1204 (0%) 57.280/36.792/82.588/10.882 ms 1203 pps 30
[  1] 18.0000-19.0000 sec  1.63 MBytes  13.7 Mbits/sec   1.459 ms 0/1182 (0%) 58.340/36.736/87.080/11.035 ms 1182 pps 29
[  1] 19.0000-20.0000 sec  1.62 MBytes  13.6 Mbits/sec   1.902 ms 0/1175 (0%) 58.680/36.201/84.532/11.190 ms 1175 pps 29
[  1] 20.0000-21.0000 sec  1.65 MBytes  13.8 Mbits/sec   0.984 ms 0/1191 (0%) 58.549/36.889/85.674/10.936 ms 1191 pps 29
[  1] 21.0000-22.0000 sec  1.64 MBytes  13.8 Mbits/sec   0.785 ms 0/1187 (0%) 58.517/36.659/84.460/10.977 ms 1191 pps 29
[  1] 22.0000-23.0000 sec  1.65 MBytes  13.8 Mbits/sec   1.934 ms 0/1193 (0%) 57.343/34.985/87.165/11.276 ms 1190 pps 30
[  1] 23.0000-24.0000 sec  1.67 MBytes  14.0 Mbits/sec   3.111 ms 0/1211 (0%) 57.385/36.621/84.921/10.763 ms 1210 pps 31
[  1] 24.0000-25.0000 sec  1.63 MBytes  13.7 Mbits/sec   2.781 ms 0/1180 (0%) 58.412/35.616/89.958/11.265 ms 1180 pps 29
[  1] 25.0000-26.0000 sec  1.66 MBytes  13.9 Mbits/sec   1.321 ms 0/1197 (0%) 58.725/35.031/85.524/11.294 ms 1197 pps 30
[  1] 26.0000-27.0000 sec  1.66 MBytes  13.9 Mbits/sec   0.886 ms 0/1198 (0%) 57.579/35.644/84.270/10.889 ms 1198 pps 30
[  1] 27.0000-28.0000 sec  1.64 MBytes  13.7 Mbits/sec   2.606 ms 0/1183 (0%) 58.757/35.373/93.208/11.669 ms 1183 pps 29
[  1] 28.0000-29.0000 sec  1.63 MBytes  13.6 Mbits/sec   3.165 ms 0/1176 (0%) 58.455/36.846/88.608/11.317 ms 1176 pps 29
[  1] 29.0000-30.0000 sec  1.65 MBytes  13.8 Mbits/sec   1.600 ms 0/1192 (0%) 57.529/36.821/83.825/10.906 ms 1193 pps 30
[  1] 30.0000-31.0000 sec  1.65 MBytes  13.8 Mbits/sec   1.122 ms 0/1191 (0%) 58.653/35.779/87.003/11.240 ms 1191 pps 29
[  1] 31.0000-32.0000 sec  1.67 MBytes  14.0 Mbits/sec   1.725 ms 0/1208 (0%) 58.010/35.009/86.967/11.296 ms 1207 pps 30
[  1] 32.0000-33.0000 sec  1.67 MBytes  14.0 Mbits/sec   1.029 ms 0/1206 (0%) 57.385/35.023/81.288/10.830 ms 1206 pps 30
[  1] 33.0000-34.0000 sec  1.64 MBytes  13.8 Mbits/sec   2.633 ms 0/1189 (0%) 57.881/36.705/86.956/11.017 ms 1189 pps 30
[  1] 34.0000-35.0000 sec  1.64 MBytes  13.8 Mbits/sec   1.600 ms 0/1188 (0%) 58.022/35.656/83.814/11.237 ms 1189 pps 30
[  1] 35.0000-36.0000 sec  1.66 MBytes  13.9 Mbits/sec   1.041 ms 0/1197 (0%) 57.634/36.092/85.092/10.873 ms 1196 pps 30
[  1] 35.0000-36.0000 sec  1 datagrams received out-of-order
[  1] 36.0000-37.0000 sec  1.64 MBytes  13.8 Mbits/sec   0.795 ms 0/1188 (0%) 58.414/33.534/89.539/11.367 ms 1193 pps 29
[  1] 37.0000-38.0000 sec  1.62 MBytes  13.6 Mbits/sec   1.199 ms 0/1170 (0%) 58.796/35.483/89.673/11.414 ms 1165 pps 29
[  1] 38.0000-39.0000 sec  1.67 MBytes  14.0 Mbits/sec   1.660 ms 0/1209 (0%) 57.201/36.635/83.234/10.972 ms 1209 pps 31
[  1] 38.0000-39.0000 sec  2 datagrams received out-of-order
[  1] 39.0000-40.0000 sec  1.62 MBytes  13.6 Mbits/sec   2.033 ms 0/1172 (0%) 58.467/36.522/86.460/11.067 ms 1173 pps 29
[  1] 40.0000-41.0000 sec  1.65 MBytes  13.8 Mbits/sec   1.353 ms 0/1191 (0%) 57.668/36.227/89.642/11.283 ms 1190 pps 30
[  1] 41.0000-42.0000 sec  1.62 MBytes  13.6 Mbits/sec   1.589 ms 0/1171 (0%) 58.771/36.887/86.761/11.582 ms 1172 pps 29
[  1] 42.0000-43.0000 sec  1.66 MBytes  13.9 Mbits/sec   0.943 ms 0/1202 (0%) 57.480/35.647/93.120/11.030 ms 1202 pps 30
[  1] 43.0000-44.0000 sec  1.63 MBytes  13.7 Mbits/sec   1.094 ms 0/1181 (0%) 58.176/34.913/85.008/11.220 ms 1181 pps 29
[  1] 44.0000-45.0000 sec  1.64 MBytes  13.8 Mbits/sec   2.719 ms 0/1187 (0%) 57.786/37.331/84.473/10.939 ms 1187 pps 30
[  1] 45.0000-46.0000 sec  1.67 MBytes  14.0 Mbits/sec   1.072 ms 0/1208 (0%) 56.889/35.145/87.083/10.854 ms 1209 pps 31
[  1] 46.0000-47.0000 sec  1.62 MBytes  13.6 Mbits/sec   1.046 ms 0/1169 (0%) 58.913/37.963/89.634/11.399 ms 1169 pps 29
[  1] 47.0000-48.0000 sec  1.63 MBytes  13.7 Mbits/sec   0.922 ms 0/1181 (0%) 58.334/35.431/88.003/11.133 ms 1180 pps 29
[  1] 48.0000-49.0000 sec  1.60 MBytes  13.4 Mbits/sec   3.296 ms 0/1156 (0%) 59.263/36.810/92.383/11.141 ms 1157 pps 28
[  1] 49.0000-50.0000 sec  1.66 MBytes  13.9 Mbits/sec   1.390 ms 0/1197 (0%) 58.032/35.721/91.325/11.093 ms 1196 pps 30
[  1] 50.0000-51.0000 sec  1.65 MBytes  13.9 Mbits/sec   1.030 ms 0/1195 (0%) 57.554/36.123/87.448/10.875 ms 1195 pps 30
[  1] 51.0000-52.0000 sec  1.67 MBytes  14.0 Mbits/sec   1.443 ms 0/1206 (0%) 57.087/36.733/84.511/10.914 ms 1206 pps 31
[  1] 52.0000-53.0000 sec  1.64 MBytes  13.7 Mbits/sec   1.133 ms 0/1185 (0%) 58.612/37.379/85.357/10.967 ms 1185 pps 29
[  1] 53.0000-54.0000 sec  1.63 MBytes  13.6 Mbits/sec   1.092 ms 0/1176 (0%) 58.795/34.741/89.886/11.469 ms 1176 pps 29
[  1] 54.0000-55.0000 sec  1.65 MBytes  13.9 Mbits/sec   3.593 ms 0/1196 (0%) 57.357/34.941/88.879/10.951 ms 1196 pps 30
[  1] 55.0000-56.0000 sec  1.65 MBytes  13.8 Mbits/sec   1.443 ms 0/1192 (0%) 57.260/35.520/84.466/10.661 ms 1192 pps 30
[  1] 56.0000-57.0000 sec  1.65 MBytes  13.8 Mbits/sec   1.163 ms 0/1192 (0%) 57.887/36.788/86.470/11.030 ms 1194 pps 30
[  1] 57.0000-58.0000 sec  1.67 MBytes  14.0 Mbits/sec   2.111 ms 0/1205 (0%) 57.733/36.732/86.947/11.286 ms 1204 pps 30
[  1] 58.0000-59.0000 sec  1.66 MBytes  14.0 Mbits/sec   1.056 ms 0/1204 (0%) 57.458/34.397/82.638/11.158 ms 1204 pps 30
[  1] 59.0000-60.0000 sec  1.65 MBytes  13.8 Mbits/sec   3.065 ms 0/1191 (0%) 58.034/34.891/87.696/11.062 ms 1191 pps 30
[  1] 60.0000-61.0000 sec  1.64 MBytes  13.8 Mbits/sec   1.952 ms 0/1189 (0%) 57.354/37.180/83.520/10.789 ms 1189 pps 30
[  1] 61.0000-62.0000 sec  1.65 MBytes  13.9 Mbits/sec   1.117 ms 0/1196 (0%) 58.193/34.845/86.195/10.859 ms 1196 pps 30
[  1] 62.0000-63.0000 sec  1.64 MBytes  13.7 Mbits/sec   0.989 ms 0/1185 (0%) 58.190/35.517/86.516/11.316 ms 1185 pps 30
[  1] 62.0000-63.0000 sec  1 datagrams received out-of-order
[  1] 63.0000-64.0000 sec  1.65 MBytes  13.8 Mbits/sec   2.870 ms 0/1190 (0%) 58.112/34.968/85.771/11.110 ms 1190 pps 30
[  1] 64.0000-65.0000 sec  1.63 MBytes  13.7 Mbits/sec   2.174 ms 0/1181 (0%) 58.249/38.305/85.424/10.790 ms 1181 pps 29
[  1] 65.0000-66.0000 sec  1.65 MBytes  13.8 Mbits/sec   1.247 ms 0/1193 (0%) 57.414/36.734/82.920/10.711 ms 1194 pps 30
[  1] 66.0000-67.0000 sec  1.63 MBytes  13.7 Mbits/sec   1.216 ms 0/1181 (0%) 58.558/34.581/85.180/11.264 ms 1180 pps 29
[  1] 67.0000-68.0000 sec  1.68 MBytes  14.1 Mbits/sec   1.429 ms 0/1218 (0%) 56.787/35.568/83.829/11.079 ms 1218 pps 31
[  1] 68.0000-69.0000 sec  1.65 MBytes  13.8 Mbits/sec   1.011 ms 0/1190 (0%) 58.245/37.335/83.322/10.922 ms 1190 pps 30
Waiting for server threads to complete. Interrupt again to force quit.
[  1] 0.0000-69.1003 sec   114 MBytes  13.9 Mbits/sec   1.905 ms 1/82625 (0.0012%) 55.565/0.310/95.219/15.759 ms 1196 pps 31
[  1] 0.0000-69.1003 sec  16 datagrams received out-of-order
