------------------------------------------------------------
Server listening on UDP port 6001 with pid 36676
Joining multicast group  ff38::1
Read buffer size: 1.44 KByte (Dist bin width= 183 Byte)
Server set to single client traffic mode (per multicast receive)
UDP buffer size:  208 KByte (default)
------------------------------------------------------------
[  1] local ff38::1%h6-eth0 port 6001 connected with 2001:db8::5 port 54507 (sock=3) (peer 2.1.5) on 2025-06-02 17:00:57 (CST)
[ ID] Interval            Transfer     Bandwidth        Jitter   Lost/Total  Latency avg/min/max/stdev PPS NetPwr
[  1] 0.0000-1.0000 sec  1.50 MBytes  12.6 Mbits/sec   0.050 ms 1/1088 (0.092%) 0.474/0.244/4.774/0.350 ms 1088 pps 3326
[  1] 1.0000-2.0000 sec  1.50 MBytes  12.6 Mbits/sec   0.164 ms 0/1084 (0%) 0.596/0.220/10.573/0.935 ms 1084 pps 2639
[  1] 1.0000-2.0000 sec  2 datagrams received out-of-order
[  1] 2.0000-3.0000 sec  1.50 MBytes  12.6 Mbits/sec   0.420 ms 0/1082 (0%) 0.571/0.226/5.664/0.562 ms 1082 pps 2749
[  1] 3.0000-4.0000 sec  1.50 MBytes  12.6 Mbits/sec   0.168 ms 0/1088 (0%) 0.596/0.239/5.445/0.544 ms 1088 pps 2647
[  1] 4.0000-5.0000 sec  1.50 MBytes  12.6 Mbits/sec   0.152 ms 0/1085 (0%) 0.557/0.178/13.578/1.057 ms 1085 pps 2825
[  1] 5.0000-6.0000 sec  1.50 MBytes  12.6 Mbits/sec   0.158 ms 0/1085 (0%) 0.572/0.184/7.212/0.741 ms 1085 pps 2753
[  1] 6.0000-7.0000 sec  1.50 MBytes  12.6 Mbits/sec   0.040 ms 0/1084 (0%) 0.414/0.173/5.539/0.464 ms 1085 pps 3798
[  1] 7.0000-8.0000 sec  1.50 MBytes  12.6 Mbits/sec   0.040 ms 0/1085 (0%) 0.390/0.205/8.470/0.421 ms 1085 pps 4031
[  1] 8.0000-9.0000 sec  1.50 MBytes  12.6 Mbits/sec   0.085 ms 0/1085 (0%) 0.385/0.213/6.659/0.437 ms 1085 pps 4084
[  1] 9.0000-10.0000 sec  1.49 MBytes  12.5 Mbits/sec   0.309 ms 0/1078 (0%) 0.424/0.182/8.216/0.591 ms 1081 pps 3686
[  1] 10.0000-11.0000 sec  1.51 MBytes  12.7 Mbits/sec   0.145 ms 0/1092 (0%) 0.429/0.168/6.692/0.538 ms 1089 pps 3691
[  1] 11.0000-12.0000 sec  1.50 MBytes  12.6 Mbits/sec   0.104 ms 0/1084 (0%) 0.419/0.193/6.759/0.580 ms 1084 pps 3749
[  1] 12.0000-13.0000 sec  1.50 MBytes  12.6 Mbits/sec   0.194 ms 0/1085 (0%) 0.474/0.186/7.530/0.765 ms 1085 pps 3321
[  1] 13.0000-14.0000 sec  1.50 MBytes  12.6 Mbits/sec   0.041 ms 0/1085 (0%) 0.354/0.186/2.598/0.197 ms 1085 pps 4449
[  1] 14.0000-15.0000 sec  1.50 MBytes  12.6 Mbits/sec   0.032 ms 0/1084 (0%) 0.403/0.207/5.981/0.532 ms 1085 pps 3899
[  1] 15.0000-16.0000 sec  1.50 MBytes  12.6 Mbits/sec   0.233 ms 0/1085 (0%) 0.457/0.194/7.941/0.719 ms 1085 pps 3444
[  1] 16.0000-17.0000 sec  1.50 MBytes  12.6 Mbits/sec   0.100 ms 0/1085 (0%) 0.364/0.181/4.084/0.297 ms 1085 pps 4317
[  1] 17.0000-18.0000 sec  1.50 MBytes  12.6 Mbits/sec   0.080 ms 0/1085 (0%) 0.411/0.223/4.069/0.450 ms 1085 pps 3829
[  1] 18.0000-19.0000 sec  1.50 MBytes  12.6 Mbits/sec   0.060 ms 0/1084 (0%) 0.387/0.213/3.865/0.328 ms 1085 pps 4061
[  1] 19.0000-20.0000 sec  1.50 MBytes  12.6 Mbits/sec   0.072 ms 0/1085 (0%) 0.405/0.202/7.187/0.526 ms 1085 pps 3883
[  1] 20.0000-21.0000 sec  1.50 MBytes  12.6 Mbits/sec   0.059 ms 0/1084 (0%) 0.421/0.185/6.427/0.594 ms 1085 pps 3730
[  1] 21.0000-22.0000 sec  1.50 MBytes  12.6 Mbits/sec   0.073 ms 0/1086 (0%) 0.359/0.203/3.842/0.285 ms 1085 pps 4385
[  1] 22.0000-23.0000 sec  1.50 MBytes  12.6 Mbits/sec   0.071 ms 0/1084 (0%) 0.365/0.168/5.494/0.302 ms 1085 pps 4312
[  1] 23.0000-24.0000 sec  1.50 MBytes  12.6 Mbits/sec   0.094 ms 0/1085 (0%) 0.441/0.172/4.751/0.527 ms 1085 pps 3564
[  1] 24.0000-25.0000 sec  1.50 MBytes  12.6 Mbits/sec   0.074 ms 0/1085 (0%) 0.417/0.191/5.869/0.529 ms 1085 pps 3774
[  1] 25.0000-26.0000 sec  1.50 MBytes  12.6 Mbits/sec   0.062 ms 0/1084 (0%) 0.428/0.171/4.694/0.474 ms 1085 pps 3671
[  1] 26.0000-27.0000 sec  1.50 MBytes  12.6 Mbits/sec   0.081 ms 0/1085 (0%) 0.392/0.212/4.304/0.425 ms 1084 pps 4014
[  1] 27.0000-28.0000 sec  1.50 MBytes  12.6 Mbits/sec   0.059 ms 0/1085 (0%) 0.493/0.175/8.219/0.932 ms 1085 pps 3189
[  1] 28.0000-29.0000 sec  1.49 MBytes  12.5 Mbits/sec   0.211 ms 0/1080 (0%) 0.363/0.192/4.849/0.283 ms 1081 pps 4318
[  1] 29.0000-30.0000 sec  1.51 MBytes  12.6 Mbits/sec   0.184 ms 0/1089 (0%) 0.431/0.177/7.918/0.573 ms 1088 pps 3666
[  1] 30.0000-31.0000 sec  1.50 MBytes  12.6 Mbits/sec   0.104 ms 0/1085 (0%) 0.592/0.226/7.540/0.762 ms 1085 pps 2657
[  1] 31.0000-32.0000 sec  1.50 MBytes  12.6 Mbits/sec   0.259 ms 0/1085 (0%) 0.468/0.176/6.723/0.623 ms 1085 pps 3359
[  1] 32.0000-33.0000 sec  1.50 MBytes  12.6 Mbits/sec   0.068 ms 0/1085 (0%) 0.393/0.190/3.623/0.320 ms 1085 pps 4008
[  1] 33.0000-34.0000 sec  1.50 MBytes  12.6 Mbits/sec   0.102 ms 0/1084 (0%) 0.451/0.187/4.216/0.461 ms 1084 pps 3481
[  1] 34.0000-35.0000 sec  1.50 MBytes  12.6 Mbits/sec   0.447 ms 0/1085 (0%) 0.487/0.207/7.502/0.644 ms 1085 pps 3229
[  1] 35.0000-36.0000 sec  1.50 MBytes  12.6 Mbits/sec   0.050 ms 0/1085 (0%) 0.472/0.229/6.736/0.519 ms 1085 pps 3336
[  1] 36.0000-37.0000 sec  1.50 MBytes  12.6 Mbits/sec   0.054 ms 0/1084 (0%) 0.333/0.186/2.902/0.209 ms 1085 pps 4719
[  1] 37.0000-38.0000 sec  1.50 MBytes  12.6 Mbits/sec   0.028 ms 0/1085 (0%) 0.354/0.193/5.830/0.408 ms 1085 pps 4448
[  1] 38.0000-39.0000 sec  1.50 MBytes  12.6 Mbits/sec   0.187 ms 0/1085 (0%) 0.465/0.209/6.937/0.552 ms 1085 pps 3382
[  1] 39.0000-40.0000 sec  1.50 MBytes  12.6 Mbits/sec   0.121 ms 0/1084 (0%) 0.614/0.227/6.736/0.781 ms 1085 pps 2561
[  1] 40.0000-41.0000 sec  1.50 MBytes  12.6 Mbits/sec   0.138 ms 0/1085 (0%) 0.466/0.188/8.813/0.668 ms 1085 pps 3379
[  1] 41.0000-42.0000 sec  1.50 MBytes  12.6 Mbits/sec   0.068 ms 0/1085 (0%) 0.395/0.196/4.718/0.320 ms 1084 pps 3985
[  1] 42.0000-43.0000 sec  1.50 MBytes  12.6 Mbits/sec   0.064 ms 0/1085 (0%) 0.489/0.174/10.182/0.850 ms 1085 pps 3214
[  1] 43.0000-44.0000 sec  1.50 MBytes  12.6 Mbits/sec   0.055 ms 0/1085 (0%) 0.471/0.216/6.808/0.648 ms 1085 pps 3342
[  1] 44.0000-45.0000 sec  1.50 MBytes  12.6 Mbits/sec   0.036 ms 0/1085 (0%) 0.467/0.147/6.522/0.524 ms 1085 pps 3367
[  1] 45.0000-46.0000 sec  1.50 MBytes  12.6 Mbits/sec   0.064 ms 0/1084 (0%) 0.517/0.168/6.384/0.649 ms 1085 pps 3043
[  1] 46.0000-47.0000 sec  1.50 MBytes  12.6 Mbits/sec   0.080 ms 0/1085 (0%) 0.448/0.211/5.471/0.581 ms 1085 pps 3508
[  1] 47.0000-48.0000 sec  1.49 MBytes  12.5 Mbits/sec   0.683 ms 0/1079 (0%) 0.424/0.187/7.474/0.491 ms 1079 pps 3693
[  1] 48.0000-49.0000 sec  1.51 MBytes  12.6 Mbits/sec   0.078 ms 0/1090 (0%) 0.409/0.148/7.228/0.590 ms 1091 pps 3861
[  1] 49.0000-50.0000 sec  1.50 MBytes  12.6 Mbits/sec   0.162 ms 0/1085 (0%) 0.443/0.194/6.475/0.567 ms 1085 pps 3549
[  1] 50.0000-51.0000 sec  1.50 MBytes  12.6 Mbits/sec   0.108 ms 0/1083 (0%) 0.441/0.180/6.036/0.498 ms 1085 pps 3558
[  1] 51.0000-52.0000 sec  1.50 MBytes  12.6 Mbits/sec   0.076 ms 0/1087 (0%) 0.756/0.203/18.064/1.904 ms 1085 pps 2085
[  1] 52.0000-53.0000 sec  1.50 MBytes  12.6 Mbits/sec   0.057 ms 0/1084 (0%) 0.362/0.192/3.626/0.220 ms 1084 pps 4336
[  1] 53.0000-54.0000 sec  1.50 MBytes  12.6 Mbits/sec   0.038 ms 0/1085 (0%) 0.363/0.189/4.349/0.345 ms 1085 pps 4334
[  1] 54.0000-55.0000 sec  1.50 MBytes  12.6 Mbits/sec   0.033 ms 0/1085 (0%) 0.373/0.194/4.285/0.335 ms 1084 pps 4217
[  1] 55.0000-56.0000 sec  1.50 MBytes  12.6 Mbits/sec   0.135 ms 0/1085 (0%) 0.447/0.169/6.942/0.587 ms 1085 pps 3518
[  1] 56.0000-57.0000 sec  1.50 MBytes  12.6 Mbits/sec   0.063 ms 0/1084 (0%) 0.771/0.194/12.209/1.519 ms 1085 pps 2038
[  1] 57.0000-58.0000 sec  1.50 MBytes  12.6 Mbits/sec   0.087 ms 0/1085 (0%) 0.397/0.183/6.307/0.470 ms 1085 pps 3966
[  1] 58.0000-59.0000 sec  1.50 MBytes  12.6 Mbits/sec   0.071 ms 1/1085 (0.092%) 0.479/0.196/6.267/0.636 ms 1084 pps 3281
[  1] 59.0000-60.0000 sec  1.50 MBytes  12.6 Mbits/sec   0.100 ms 0/1084 (0%) 0.373/0.182/6.179/0.319 ms 1085 pps 4214
[  1] 60.0000-61.0000 sec  1.50 MBytes  12.6 Mbits/sec   0.078 ms 0/1085 (0%) 0.427/0.179/3.319/0.277 ms 1085 pps 3683
[  1] 61.0000-62.0000 sec  1.50 MBytes  12.6 Mbits/sec   0.040 ms 0/1085 (0%) 0.518/0.188/8.397/0.787 ms 1085 pps 3040
[  1] 62.0000-63.0000 sec  1.50 MBytes  12.6 Mbits/sec   0.127 ms 0/1084 (0%) 0.533/0.184/9.342/0.840 ms 1084 pps 2948
[  1] 63.0000-64.0000 sec  1.50 MBytes  12.6 Mbits/sec   0.298 ms 0/1084 (0%) 0.452/0.199/4.082/0.331 ms 1083 pps 3474
[  1] 64.0000-65.0000 sec  1.50 MBytes  12.6 Mbits/sec   0.222 ms 0/1086 (0%) 0.453/0.193/5.948/0.498 ms 1087 pps 3474
[  1] 65.0000-66.0000 sec  1.50 MBytes  12.6 Mbits/sec   0.064 ms 0/1084 (0%) 0.538/0.189/6.316/0.709 ms 1084 pps 2920
[  1] 66.0000-67.0000 sec  1.49 MBytes  12.5 Mbits/sec   0.987 ms 0/1079 (0%) 0.385/0.168/4.646/0.311 ms 1078 pps 4064
[  1] 67.0000-68.0000 sec  1.51 MBytes  12.7 Mbits/sec   0.043 ms 0/1091 (0%) 0.446/0.194/8.415/0.669 ms 1091 pps 3549
[  1] 68.0000-69.0000 sec  1.50 MBytes  12.6 Mbits/sec   0.259 ms 0/1085 (0%) 0.437/0.193/5.991/0.430 ms 1085 pps 3598
Waiting for server threads to complete. Interrupt again to force quit.
[  1] 69.0000-69.5960 sec   916 KBytes  12.6 Mbits/sec   0.095 ms 0/647 (0%) 0.837/0.175/17.042/2.107 ms 1085 pps 1881
[  1] 0.0000-69.5960 sec   104 MBytes  12.6 Mbits/sec   0.095 ms 2/75497 (0.0026%) 0.457/0.147/18.064/0.658 ms 1085 pps 3442
[  1] 0.0000-69.5960 sec  2 datagrams received out-of-order
